2024-07-29 12:27:51 INFO  c.d.api.controller.AuthController - Trying to login = admin
2024-07-29 12:27:51 INFO  c.d.api.daoimpl.SystemUserDaoImpl - Loaded User =admin
2024-07-29 12:27:51 INFO  c.d.api.controller.AuthController - Trying to login = admin
2024-07-29 12:27:51 INFO  c.d.api.daoimpl.SystemUserDaoImpl - Loaded User =admin
2024-07-29 12:27:51 INFO  c.d.api.controller.AuthController - Logged In = admin
2024-07-29 12:27:51 INFO  c.d.api.controller.AuthController - Logged In = admin
2024-07-29 12:30:09 INFO  c.d.api.controller.AuthController - Trying to login = admin
2024-07-29 12:30:09 INFO  c.d.api.daoimpl.SystemUserDaoImpl - Loaded User =admin
2024-07-29 12:30:10 INFO  c.d.api.controller.AuthController - Logged In = admin
2024-07-29 12:43:03 INFO  c.d.api.controller.AuthController - Trying to login = admin
2024-07-29 12:43:03 INFO  c.d.api.daoimpl.SystemUserDaoImpl - Loaded User =admin
2024-07-29 12:43:03 INFO  c.d.api.controller.AuthController - Logged In = admin
2024-07-29 12:43:04 INFO  c.d.api.controller.AuthController - Trying to login = admin
2024-07-29 12:43:04 INFO  c.d.api.daoimpl.SystemUserDaoImpl - Loaded User =admin
2024-07-29 12:43:04 INFO  c.d.api.controller.AuthController - Logged In = admin
2024-07-29 12:43:12 INFO  c.d.api.controller.AuthController - Trying to login = admin
2024-07-29 12:43:12 INFO  c.d.api.daoimpl.SystemUserDaoImpl - Loaded User =admin
2024-07-29 12:43:12 INFO  c.d.api.controller.AuthController - Logged In = admin
2024-07-29 12:46:31 INFO  c.d.api.controller.AuthController - Trying to login = admin
2024-07-29 12:46:31 INFO  c.d.api.daoimpl.SystemUserDaoImpl - Loaded User =admin
2024-07-29 12:46:31 INFO  c.d.api.controller.AuthController - Logged In = admin
2024-07-29 12:46:34 INFO  c.d.api.controller.AuthController - Trying to login = admin
2024-07-29 12:46:34 INFO  c.d.api.daoimpl.SystemUserDaoImpl - Loaded User =admin
2024-07-29 12:46:34 INFO  c.d.api.controller.AuthController - Logged In = admin
2024-07-29 12:46:54 INFO  c.d.api.controller.AuthController - Trying to login = admin
2024-07-29 12:46:54 INFO  c.d.api.daoimpl.SystemUserDaoImpl - Loaded User =admin
2024-07-29 12:46:54 INFO  c.d.api.controller.AuthController - Logged In = admin
2024-07-29 12:50:50 INFO  c.d.api.controller.AuthController - Trying to login = admin
2024-07-29 12:50:50 INFO  c.d.api.daoimpl.SystemUserDaoImpl - Loaded User =admin
2024-07-29 12:50:50 INFO  c.d.api.controller.AuthController - Logged In = admin
2024-07-29 12:50:51 INFO  c.d.api.controller.AuthController - Trying to login = admin
2024-07-29 12:50:51 INFO  c.d.api.daoimpl.SystemUserDaoImpl - Loaded User =admin
2024-07-29 12:50:51 INFO  c.d.api.controller.AuthController - Logged In = admin
2024-07-29 12:52:36 INFO  c.d.api.controller.AuthController - Trying to login = admin
2024-07-29 12:52:36 INFO  c.d.api.daoimpl.SystemUserDaoImpl - Loaded User =admin
2024-07-29 12:52:36 INFO  c.d.api.controller.AuthController - Logged In = admin
2024-07-29 12:54:46 INFO  c.d.api.controller.AuthController - Trying to login = admin
2024-07-29 12:54:46 INFO  c.d.api.daoimpl.SystemUserDaoImpl - Loaded User =admin
2024-07-29 12:54:46 INFO  c.d.api.controller.AuthController - Logged In = admin
2024-07-29 12:57:44 INFO  c.d.api.controller.AuthController - Trying to login = admin
2024-07-29 12:57:44 INFO  c.d.api.daoimpl.SystemUserDaoImpl - Loaded User =admin
2024-07-29 12:57:44 INFO  c.d.api.controller.AuthController - Logged In = admin
2024-07-29 14:57:53 INFO  c.d.api.controller.AuthController - Trying to login = admin
2024-07-29 14:57:53 INFO  c.d.api.daoimpl.SystemUserDaoImpl - Loaded User =admin
2024-07-29 14:57:54 INFO  c.d.api.controller.AuthController - Logged In = admin
2024-07-29 15:06:45 INFO  c.d.api.controller.AuthController - Trying to login = admin
2024-07-29 15:06:45 INFO  c.d.api.daoimpl.SystemUserDaoImpl - Loaded User =admin
2024-07-29 15:06:45 INFO  c.d.api.controller.AuthController - Logged In = admin
2024-07-29 15:18:48 INFO  c.d.api.controller.AuthController - Trying to login = amol
2024-07-29 15:18:48 INFO  c.d.api.daoimpl.SystemUserDaoImpl - Loaded User =amol
2024-07-29 15:18:48 INFO  c.d.api.controller.AuthController - Logged In = amol
2024-07-29 15:25:48 INFO  c.d.api.controller.AuthController - Trying to login = admn
2024-07-29 15:25:48 INFO  c.d.api.daoimpl.SystemUserDaoImpl - Loaded User =admn
2024-07-29 15:25:52 INFO  c.d.api.controller.AuthController - Trying to login = admin
2024-07-29 15:25:52 INFO  c.d.api.daoimpl.SystemUserDaoImpl - Loaded User =admin
2024-07-29 15:25:54 INFO  c.d.api.controller.AuthController - Trying to login = admin
2024-07-29 15:25:54 INFO  c.d.api.daoimpl.SystemUserDaoImpl - Loaded User =admin
2024-07-29 15:26:04 INFO  c.d.api.controller.AuthController - Trying to login = admin
2024-07-29 15:26:04 INFO  c.d.api.daoimpl.SystemUserDaoImpl - Loaded User =admin
2024-07-29 15:26:04 INFO  c.d.api.controller.AuthController - Logged In = admin
2024-07-29 15:33:31 INFO  c.d.api.controller.AuthController - Trying to login = amol
2024-07-29 15:33:31 INFO  c.d.api.daoimpl.SystemUserDaoImpl - Loaded User =amol
2024-07-29 15:33:31 INFO  c.d.api.controller.AuthController - Logged In = amol
2024-07-29 15:39:10 INFO  c.d.api.controller.AuthController - Trying to login = admin
2024-07-29 15:39:10 INFO  c.d.api.daoimpl.SystemUserDaoImpl - Loaded User =admin
2024-07-29 15:39:10 INFO  c.d.api.controller.AuthController - Logged In = admin
2024-07-29 16:16:25 INFO  c.d.api.controller.AuthController - Trying to login = admin
2024-07-29 16:16:26 INFO  c.d.api.daoimpl.SystemUserDaoImpl - Loaded User =admin
2024-07-29 16:16:26 INFO  c.d.api.controller.AuthController - Logged In = admin
2024-07-29 16:25:00 INFO  c.d.api.controller.AuthController - Trying to login = amol
2024-07-29 16:25:01 INFO  c.d.api.daoimpl.SystemUserDaoImpl - Loaded User =amol
2024-07-29 16:25:01 INFO  c.d.api.controller.AuthController - Logged In = amol
2024-07-29 16:28:40 INFO  c.d.api.controller.AuthController - Trying to login = admin
2024-07-29 16:28:40 INFO  c.d.api.daoimpl.SystemUserDaoImpl - Loaded User =admin
2024-07-29 16:28:40 INFO  c.d.api.controller.AuthController - Logged In = admin
2024-07-29 16:29:29 INFO  c.d.api.controller.AuthController - Trying to login = admin
2024-07-29 16:29:29 INFO  c.d.api.daoimpl.SystemUserDaoImpl - Loaded User =admin
2024-07-29 16:29:29 INFO  c.d.api.controller.AuthController - Logged In = admin
2024-07-29 16:41:30 INFO  c.d.api.controller.AuthController - Trying to login = admin
2024-07-29 16:41:30 INFO  c.d.api.daoimpl.SystemUserDaoImpl - Loaded User =admin
2024-07-29 16:41:31 INFO  c.d.api.controller.AuthController - Logged In = admin
2024-07-29 16:41:58 INFO  c.d.api.daoimpl.SystemUserDaoImpl - Loaded User =sub.admin
2024-07-29 16:42:06 INFO  c.d.api.daoimpl.SystemUserDaoImpl - Loaded User =amol
2024-07-29 16:45:52 INFO  c.d.api.daoimpl.SystemUserDaoImpl - Loaded User =sub.admin
2024-07-29 16:46:00 INFO  c.d.api.daoimpl.SystemUserDaoImpl - Loaded User =amol
