2024-07-26 12:40:51 INFO  c.d.api.controller.AuthController - Trying to login = 
2024-07-26 12:40:52 INFO  c.d.api.daoimpl.SystemUserDaoImpl - Loaded User =
2024-07-26 12:41:01 INFO  c.d.api.controller.AuthController - Trying to login = 
2024-07-26 12:41:01 INFO  c.d.api.daoimpl.SystemUserDaoImpl - Loaded User =
2024-07-26 12:41:04 INFO  c.d.api.controller.AuthController - Trying to login = 
2024-07-26 12:41:04 INFO  c.d.api.daoimpl.SystemUserDaoImpl - Loaded User =
2024-07-26 12:42:23 INFO  c.d.api.controller.AuthController - Trying to login = 
2024-07-26 12:42:23 INFO  c.d.api.daoimpl.SystemUserDaoImpl - Loaded User =
2024-07-26 12:51:34 INFO  c.d.api.controller.AuthController - Trying to login = amol
2024-07-26 12:51:34 INFO  c.d.api.daoimpl.SystemUserDaoImpl - Loaded User =amol
2024-07-26 12:51:34 INFO  c.d.api.controller.AuthController - Logged In = amol
2024-07-26 12:55:54 INFO  c.d.api.controller.AuthController - Trying to login = admin
2024-07-26 12:55:54 INFO  c.d.api.daoimpl.SystemUserDaoImpl - Loaded User =admin
2024-07-26 12:56:07 INFO  c.d.api.controller.AuthController - Trying to login = asd
2024-07-26 12:56:07 INFO  c.d.api.daoimpl.SystemUserDaoImpl - Loaded User =asd
2024-07-26 12:57:08 INFO  c.d.api.controller.AuthController - Trying to login = ram
2024-07-26 12:57:08 INFO  c.d.api.daoimpl.SystemUserDaoImpl - Loaded User =ram
2024-07-26 12:58:28 INFO  c.d.api.controller.AuthController - Trying to login = asd
2024-07-26 12:58:28 INFO  c.d.api.daoimpl.SystemUserDaoImpl - Loaded User =asd
2024-07-26 13:25:33 INFO  c.d.api.controller.AuthController - Trying to login = admin
2024-07-26 13:25:34 INFO  c.d.api.daoimpl.SystemUserDaoImpl - Loaded User =admin
2024-07-26 13:25:34 INFO  c.d.api.controller.AuthController - Logged In = admin
2024-07-26 16:08:14 INFO  c.d.api.controller.AuthController - Trying to login = ass
2024-07-26 16:08:14 INFO  c.d.api.daoimpl.SystemUserDaoImpl - Loaded User =ass
2024-07-26 16:08:33 INFO  c.d.api.controller.AuthController - Trying to login = amol
2024-07-26 16:08:33 INFO  c.d.api.daoimpl.SystemUserDaoImpl - Loaded User =amol
2024-07-26 16:08:33 INFO  c.d.api.controller.AuthController - Logged In = amol
2024-07-26 16:08:40 INFO  c.d.api.controller.AuthController - Trying to login = amolt
2024-07-26 16:08:40 INFO  c.d.api.daoimpl.SystemUserDaoImpl - Loaded User =amolt
2024-07-26 16:08:51 INFO  c.d.api.controller.AuthController - Trying to login = amol
2024-07-26 16:08:51 INFO  c.d.api.daoimpl.SystemUserDaoImpl - Loaded User =amol
2024-07-26 16:09:18 INFO  c.d.api.controller.AuthController - Trying to login = amolw
2024-07-26 16:09:18 INFO  c.d.api.daoimpl.SystemUserDaoImpl - Loaded User =amolw
2024-07-26 16:09:54 INFO  c.d.api.controller.AuthController - Trying to login = amol
2024-07-26 16:09:54 INFO  c.d.api.daoimpl.SystemUserDaoImpl - Loaded User =amol
2024-07-26 16:09:54 INFO  c.d.api.controller.AuthController - Logged In = amol
2024-07-26 16:17:21 INFO  c.d.api.controller.AuthController - Trying to login = admin
2024-07-26 16:17:21 INFO  c.d.api.daoimpl.SystemUserDaoImpl - Loaded User =admin
2024-07-26 16:17:21 INFO  c.d.api.controller.AuthController - Logged In = admin
2024-07-26 16:19:34 INFO  c.d.api.controller.AuthController - Trying to login = admin
2024-07-26 16:19:34 INFO  c.d.api.daoimpl.SystemUserDaoImpl - Loaded User =admin
2024-07-26 16:19:34 INFO  c.d.api.controller.AuthController - Logged In = admin
2024-07-26 16:24:32 INFO  c.d.api.controller.AuthController - Trying to login = admin
2024-07-26 16:24:32 INFO  c.d.api.daoimpl.SystemUserDaoImpl - Loaded User =admin
2024-07-26 16:24:33 INFO  c.d.api.controller.AuthController - Logged In = admin
2024-07-26 16:25:04 INFO  c.d.api.controller.AuthController - Trying to login = admin
2024-07-26 16:25:04 INFO  c.d.api.daoimpl.SystemUserDaoImpl - Loaded User =admin
2024-07-26 16:25:04 INFO  c.d.api.controller.AuthController - Logged In = admin
2024-07-26 16:27:09 INFO  c.d.api.controller.AuthController - Trying to login = admin
2024-07-26 16:27:09 INFO  c.d.api.daoimpl.SystemUserDaoImpl - Loaded User =admin
2024-07-26 16:27:09 INFO  c.d.api.controller.AuthController - Logged In = admin
2024-07-26 16:39:21 INFO  c.d.api.controller.AuthController - Trying to login = amol
2024-07-26 16:39:21 INFO  c.d.api.daoimpl.SystemUserDaoImpl - Loaded User =amol
2024-07-26 16:39:21 INFO  c.d.api.controller.AuthController - Logged In = amol
2024-07-26 16:40:37 INFO  c.d.api.controller.AuthController - Trying to login = admin
2024-07-26 16:40:37 INFO  c.d.api.daoimpl.SystemUserDaoImpl - Loaded User =admin
2024-07-26 16:40:37 INFO  c.d.api.controller.AuthController - Logged In = admin
2024-07-26 16:43:42 INFO  c.d.api.controller.AuthController - Trying to login = amol
2024-07-26 16:43:42 INFO  c.d.api.daoimpl.SystemUserDaoImpl - Loaded User =amol
2024-07-26 16:43:42 INFO  c.d.api.controller.AuthController - Logged In = amol
