2024-07-25 14:41:59 INFO  c.d.api.daoimpl.SystemUserDaoImpl - Loaded User =admin
2024-07-25 15:36:52 INFO  c.d.api.controller.AuthController - Trying to login = admin
2024-07-25 15:36:52 INFO  c.d.api.daoimpl.SystemUserDaoImpl - Loaded User =admin
2024-07-25 15:36:52 INFO  c.d.api.controller.AuthController - Logged In = admin
2024-07-25 15:37:11 INFO  c.d.api.controller.AuthController - Trying to login = qwe
2024-07-25 15:37:11 INFO  c.d.api.daoimpl.SystemUserDaoImpl - Loaded User =qwe
2024-07-25 15:41:26 INFO  c.d.api.controller.AuthController - Trying to login = werf
2024-07-25 15:41:26 INFO  c.d.api.daoimpl.SystemUserDaoImpl - Loaded User =werf
2024-07-25 15:42:34 INFO  c.d.api.controller.AuthController - Trying to login = aeh
2024-07-25 15:42:34 INFO  c.d.api.daoimpl.SystemUserDaoImpl - Loaded User =aeh
2024-07-25 15:42:53 INFO  c.d.api.controller.AuthController - Trying to login = admin
2024-07-25 15:42:53 INFO  c.d.api.daoimpl.SystemUserDaoImpl - Loaded User =admin
2024-07-25 15:42:53 INFO  c.d.api.controller.AuthController - Logged In = admin
2024-07-25 15:43:51 INFO  c.d.api.controller.AuthController - Trying to login = admin
2024-07-25 15:43:51 INFO  c.d.api.daoimpl.SystemUserDaoImpl - Loaded User =admin
2024-07-25 15:43:51 INFO  c.d.api.controller.AuthController - Logged In = admin
2024-07-25 15:44:55 INFO  c.d.api.controller.AuthController - Trying to login = amol
2024-07-25 15:44:55 INFO  c.d.api.daoimpl.SystemUserDaoImpl - Loaded User =amol
2024-07-25 15:44:55 INFO  c.d.api.controller.AuthController - Logged In = amol
2024-07-25 16:16:50 INFO  c.d.api.controller.AuthController - Trying to login = er
2024-07-25 16:16:50 INFO  c.d.api.daoimpl.SystemUserDaoImpl - Loaded User =er
2024-07-25 16:16:54 INFO  c.d.api.controller.AuthController - Trying to login = er
2024-07-25 16:16:54 INFO  c.d.api.daoimpl.SystemUserDaoImpl - Loaded User =er
2024-07-25 16:17:03 INFO  c.d.api.controller.AuthController - Trying to login = er
2024-07-25 16:17:03 INFO  c.d.api.daoimpl.SystemUserDaoImpl - Loaded User =er
2024-07-25 16:17:04 INFO  c.d.api.controller.AuthController - Trying to login = er
2024-07-25 16:17:04 INFO  c.d.api.daoimpl.SystemUserDaoImpl - Loaded User =er
2024-07-25 16:17:04 INFO  c.d.api.controller.AuthController - Trying to login = er
2024-07-25 16:17:04 INFO  c.d.api.daoimpl.SystemUserDaoImpl - Loaded User =er
2024-07-25 16:17:04 INFO  c.d.api.controller.AuthController - Trying to login = er
2024-07-25 16:17:04 INFO  c.d.api.daoimpl.SystemUserDaoImpl - Loaded User =er
2024-07-25 16:17:19 INFO  c.d.api.controller.AuthController - Trying to login = ert
2024-07-25 16:17:19 INFO  c.d.api.daoimpl.SystemUserDaoImpl - Loaded User =ert
2024-07-25 16:17:55 INFO  c.d.api.controller.AuthController - Trying to login = admin
2024-07-25 16:17:55 INFO  c.d.api.daoimpl.SystemUserDaoImpl - Loaded User =admin
2024-07-25 16:17:55 INFO  c.d.api.controller.AuthController - Logged In = admin
2024-07-25 16:19:32 INFO  c.d.api.controller.AuthController - Trying to login = admin
2024-07-25 16:19:32 INFO  c.d.api.daoimpl.SystemUserDaoImpl - Loaded User =admin
2024-07-25 16:19:32 INFO  c.d.api.controller.AuthController - Logged In = admin
2024-07-25 16:20:18 INFO  c.d.api.controller.AuthController - Trying to login = admin
2024-07-25 16:20:18 INFO  c.d.api.daoimpl.SystemUserDaoImpl - Loaded User =admin
2024-07-25 16:20:18 INFO  c.d.api.controller.AuthController - Logged In = admin
2024-07-25 16:37:40 INFO  c.d.api.controller.AuthController - Trying to login = admin
2024-07-25 16:37:40 INFO  c.d.api.daoimpl.SystemUserDaoImpl - Loaded User =admin
2024-07-25 16:37:40 INFO  c.d.api.controller.AuthController - Logged In = admin
2024-07-25 16:38:02 INFO  c.d.api.controller.AuthController - Trying to login = admin
2024-07-25 16:38:02 INFO  c.d.api.daoimpl.SystemUserDaoImpl - Loaded User =admin
2024-07-25 16:38:02 INFO  c.d.api.controller.AuthController - Logged In = admin
2024-07-25 16:40:10 INFO  c.d.api.controller.AuthController - Trying to login = admin
2024-07-25 16:40:10 INFO  c.d.api.daoimpl.SystemUserDaoImpl - Loaded User =admin
2024-07-25 16:40:10 INFO  c.d.api.controller.AuthController - Logged In = admin
2024-07-25 16:46:04 INFO  c.d.api.controller.AuthController - Trying to login = temp
2024-07-25 16:46:04 INFO  c.d.api.daoimpl.SystemUserDaoImpl - Loaded User =temp
2024-07-25 16:47:08 INFO  c.d.api.controller.AuthController - Trying to login = admin
2024-07-25 16:47:08 INFO  c.d.api.daoimpl.SystemUserDaoImpl - Loaded User =admin
2024-07-25 16:47:08 INFO  c.d.api.controller.AuthController - Logged In = admin
2024-07-25 16:50:59 INFO  c.d.api.controller.AuthController - Trying to login = qwert
2024-07-25 16:50:59 INFO  c.d.api.daoimpl.SystemUserDaoImpl - Loaded User =qwert
2024-07-25 16:51:14 INFO  c.d.api.controller.AuthController - Trying to login = admin
2024-07-25 16:51:14 INFO  c.d.api.daoimpl.SystemUserDaoImpl - Loaded User =admin
2024-07-25 16:51:14 INFO  c.d.api.controller.AuthController - Logged In = admin
2024-07-25 16:51:53 INFO  c.d.api.controller.AuthController - Trying to login = wert
2024-07-25 16:51:53 INFO  c.d.api.daoimpl.SystemUserDaoImpl - Loaded User =wert
2024-07-25 16:56:37 INFO  c.d.api.controller.AuthController - Trying to login = admin
2024-07-25 16:56:38 INFO  c.d.api.daoimpl.SystemUserDaoImpl - Loaded User =admin
2024-07-25 16:56:38 INFO  c.d.api.controller.AuthController - Logged In = admin
