2024-08-03 13:50:18 INFO  c.d.api.controller.AuthController - Trying to login = admin
2024-08-03 13:50:18 INFO  c.d.api.daoimpl.SystemUserDaoImpl - Loaded User =admin
2024-08-03 13:50:19 INFO  c.d.api.controller.AuthController - Logged In = admin
2024-08-03 13:50:32 INFO  c.d.api.daoimpl.SystemUserDaoImpl - Loaded User =admin
2024-08-03 13:51:14 INFO  c.d.api.daoimpl.SystemUserDaoImpl - Loaded User =admin
2024-08-03 13:51:44 INFO  c.d.api.controller.AuthController - Trying to login = eeew
2024-08-03 13:51:44 INFO  c.d.api.daoimpl.SystemUserDaoImpl - Loaded User =eeew
2024-08-03 13:52:14 INFO  c.d.api.controller.AuthController - Trying to login = ram
2024-08-03 13:52:14 INFO  c.d.api.daoimpl.SystemUserDaoImpl - Loaded User =ram
2024-08-03 13:53:24 INFO  c.d.api.controller.AuthController - Trying to login = ram
2024-08-03 13:53:24 INFO  c.d.api.daoimpl.SystemUserDaoImpl - Loaded User =ram
2024-08-03 13:53:44 INFO  c.d.api.controller.AuthController - Trying to login = w
2024-08-03 13:53:44 INFO  c.d.api.daoimpl.SystemUserDaoImpl - Loaded User =w
2024-08-03 14:54:54 INFO  c.d.api.controller.AuthController - Trying to login = sdf
2024-08-03 14:54:54 INFO  c.d.api.daoimpl.SystemUserDaoImpl - Loaded User =sdf
2024-08-03 15:23:01 INFO  c.d.api.controller.AuthController - Trying to login = admin
2024-08-03 15:23:01 INFO  c.d.api.daoimpl.SystemUserDaoImpl - Loaded User =admin
2024-08-03 15:23:01 INFO  c.d.api.controller.AuthController - Logged In = admin
2024-08-03 16:55:06 INFO  c.d.api.controller.AuthController - Trying to login = admin
2024-08-03 16:55:06 INFO  c.d.api.daoimpl.SystemUserDaoImpl - Loaded User =admin
2024-08-03 16:55:06 INFO  c.d.api.controller.AuthController - Logged In = admin
2024-08-03 16:55:22 INFO  c.d.api.daoimpl.SystemUserDaoImpl - Loaded User =admin
2024-08-03 16:57:27 INFO  c.d.api.daoimpl.SystemUserDaoImpl - Loaded User =amol
