2024-08-02 00:02:23 INFO  c.d.api.daoimpl.SystemUserDaoImpl - Loaded User =admin
2024-08-02 00:02:30 INFO  c.d.api.daoimpl.SystemUserDaoImpl - Loaded User =admin
2024-08-02 00:02:31 INFO  c.d.api.daoimpl.SystemUserDaoImpl - Loaded User =admin
2024-08-02 00:02:47 INFO  c.d.api.daoimpl.SystemUserDaoImpl - Loaded User =admin
2024-08-02 00:02:49 INFO  c.d.api.daoimpl.SystemUserDaoImpl - Loaded User =admin
2024-08-02 00:02:53 INFO  c.d.api.daoimpl.SystemUserDaoImpl - Loaded User =admin
2024-08-02 00:03:02 INFO  c.d.api.daoimpl.SystemUserDaoImpl - Loaded User =admin
2024-08-02 00:03:56 INFO  c.d.api.daoimpl.SystemUserDaoImpl - Loaded User =admin
2024-08-02 00:03:58 INFO  c.d.api.daoimpl.SystemUserDaoImpl - Loaded User =admin
2024-08-02 00:04:01 INFO  c.d.api.daoimpl.SystemUserDaoImpl - Loaded User =admin
2024-08-02 00:04:13 INFO  c.d.api.daoimpl.SystemUserDaoImpl - Loaded User =admin
2024-08-02 00:04:15 INFO  c.d.api.daoimpl.SystemUserDaoImpl - Loaded User =admin
2024-08-02 00:06:20 INFO  c.d.api.daoimpl.SystemUserDaoImpl - Loaded User =admin
2024-08-02 00:06:23 INFO  c.d.api.daoimpl.SystemUserDaoImpl - Loaded User =admin
2024-08-02 00:06:36 INFO  c.d.api.daoimpl.SystemUserDaoImpl - Loaded User =admin
2024-08-02 00:06:38 INFO  c.d.api.daoimpl.SystemUserDaoImpl - Loaded User =admin
2024-08-02 00:07:04 INFO  c.d.api.daoimpl.SystemUserDaoImpl - Loaded User =admin
2024-08-02 00:07:14 INFO  c.d.api.daoimpl.SystemUserDaoImpl - Loaded User =admin
2024-08-02 00:07:23 INFO  c.d.api.daoimpl.SystemUserDaoImpl - Loaded User =admin
2024-08-02 00:07:38 INFO  c.d.api.daoimpl.SystemUserDaoImpl - Loaded User =admin
2024-08-02 00:08:56 INFO  c.d.api.daoimpl.SystemUserDaoImpl - Loaded User =admin
2024-08-02 00:09:21 INFO  c.d.api.daoimpl.SystemUserDaoImpl - Loaded User =admin
2024-08-02 00:09:25 INFO  c.d.api.daoimpl.SystemUserDaoImpl - Loaded User =admin
2024-08-02 00:09:27 INFO  c.d.api.daoimpl.SystemUserDaoImpl - Loaded User =admin
2024-08-02 00:09:33 INFO  c.d.api.daoimpl.SystemUserDaoImpl - Loaded User =admin
2024-08-02 00:09:53 INFO  c.d.api.daoimpl.SystemUserDaoImpl - Loaded User =admin
2024-08-02 00:12:22 INFO  c.d.api.daoimpl.SystemUserDaoImpl - Loaded User =admin
2024-08-02 00:13:12 INFO  c.d.api.daoimpl.SystemUserDaoImpl - Loaded User =admin
2024-08-02 00:13:15 INFO  c.d.api.daoimpl.SystemUserDaoImpl - Loaded User =admin
2024-08-02 00:13:28 INFO  c.d.api.daoimpl.SystemUserDaoImpl - Loaded User =admin
2024-08-02 00:14:09 INFO  c.d.api.daoimpl.SystemUserDaoImpl - Loaded User =admin
2024-08-02 00:14:26 INFO  c.d.api.daoimpl.SystemUserDaoImpl - Loaded User =admin
2024-08-02 00:14:35 INFO  c.d.api.daoimpl.SystemUserDaoImpl - Loaded User =admin
2024-08-02 00:16:18 INFO  c.d.api.daoimpl.SystemUserDaoImpl - Loaded User =admin
2024-08-02 00:16:46 INFO  c.d.api.daoimpl.SystemUserDaoImpl - Loaded User =admin
2024-08-02 00:17:42 INFO  c.d.api.daoimpl.SystemUserDaoImpl - Loaded User =admin
2024-08-02 00:17:57 INFO  c.d.api.daoimpl.SystemUserDaoImpl - Loaded User =admin
2024-08-02 00:19:28 INFO  c.d.api.daoimpl.SystemUserDaoImpl - Loaded User =admin
2024-08-02 00:19:35 INFO  c.d.api.daoimpl.SystemUserDaoImpl - Loaded User =admin
2024-08-02 00:20:16 INFO  c.d.api.daoimpl.SystemUserDaoImpl - Loaded User =admin
2024-08-02 00:20:49 INFO  c.d.api.daoimpl.SystemUserDaoImpl - Loaded User =admin
2024-08-02 00:21:03 INFO  c.d.api.daoimpl.SystemUserDaoImpl - Loaded User =admin
2024-08-02 00:21:21 INFO  c.d.api.daoimpl.SystemUserDaoImpl - Loaded User =admin
2024-08-02 00:21:45 INFO  c.d.api.daoimpl.SystemUserDaoImpl - Loaded User =admin
2024-08-02 00:22:14 INFO  c.d.api.daoimpl.SystemUserDaoImpl - Loaded User =admin
2024-08-02 00:22:20 INFO  c.d.api.daoimpl.SystemUserDaoImpl - Loaded User =admin
2024-08-02 00:26:21 INFO  c.d.api.daoimpl.SystemUserDaoImpl - Loaded User =admin
2024-08-02 00:26:26 INFO  c.d.api.daoimpl.SystemUserDaoImpl - Loaded User =admin
2024-08-02 00:26:31 INFO  c.d.api.daoimpl.SystemUserDaoImpl - Loaded User =admin
2024-08-02 00:27:19 INFO  c.d.api.daoimpl.SystemUserDaoImpl - Loaded User =admin
2024-08-02 00:27:54 INFO  c.d.api.daoimpl.SystemUserDaoImpl - Loaded User =admin
2024-08-02 00:28:14 INFO  c.d.api.daoimpl.SystemUserDaoImpl - Loaded User =admin
2024-08-02 00:29:53 INFO  c.d.api.daoimpl.SystemUserDaoImpl - Loaded User =admin
2024-08-02 00:30:18 INFO  c.d.api.daoimpl.SystemUserDaoImpl - Loaded User =admin
2024-08-02 00:30:30 INFO  c.d.api.daoimpl.SystemUserDaoImpl - Loaded User =admin
2024-08-02 00:32:40 INFO  c.d.api.daoimpl.SystemUserDaoImpl - Loaded User =admin
2024-08-02 00:33:06 INFO  c.d.api.daoimpl.SystemUserDaoImpl - Loaded User =admin
2024-08-02 00:33:13 INFO  c.d.api.daoimpl.SystemUserDaoImpl - Loaded User =admin
2024-08-02 00:33:47 INFO  c.d.api.daoimpl.SystemUserDaoImpl - Loaded User =admin
2024-08-02 00:36:07 INFO  c.d.api.daoimpl.SystemUserDaoImpl - Loaded User =admin
2024-08-02 00:36:11 INFO  c.d.api.daoimpl.SystemUserDaoImpl - Loaded User =admin
2024-08-02 00:36:41 INFO  c.d.api.daoimpl.SystemUserDaoImpl - Loaded User =admin
2024-08-02 00:36:56 INFO  c.d.api.daoimpl.SystemUserDaoImpl - Loaded User =admin
2024-08-02 00:39:26 INFO  c.d.api.daoimpl.SystemUserDaoImpl - Loaded User =admin
2024-08-02 00:42:17 INFO  c.d.api.daoimpl.SystemUserDaoImpl - Loaded User =admin
2024-08-02 00:42:26 INFO  c.d.api.daoimpl.SystemUserDaoImpl - Loaded User =admin
2024-08-02 00:42:28 INFO  c.d.api.daoimpl.SystemUserDaoImpl - Loaded User =admin
2024-08-02 00:43:36 INFO  c.d.api.daoimpl.SystemUserDaoImpl - Loaded User =admin
2024-08-02 00:44:10 INFO  c.d.api.daoimpl.SystemUserDaoImpl - Loaded User =admin
2024-08-02 00:45:55 INFO  c.d.api.daoimpl.SystemUserDaoImpl - Loaded User =admin
2024-08-02 00:46:19 INFO  c.d.api.daoimpl.SystemUserDaoImpl - Loaded User =admin
2024-08-02 00:46:57 INFO  c.d.api.daoimpl.SystemUserDaoImpl - Loaded User =admin
2024-08-02 00:47:02 INFO  c.d.api.daoimpl.SystemUserDaoImpl - Loaded User =admin
2024-08-02 00:48:25 INFO  c.d.api.daoimpl.SystemUserDaoImpl - Loaded User =admin
2024-08-02 00:48:42 INFO  c.d.api.daoimpl.SystemUserDaoImpl - Loaded User =admin
2024-08-02 00:48:49 INFO  c.d.api.daoimpl.SystemUserDaoImpl - Loaded User =admin
2024-08-02 00:49:17 INFO  c.d.api.daoimpl.SystemUserDaoImpl - Loaded User =admin
2024-08-02 00:50:00 INFO  c.d.api.daoimpl.SystemUserDaoImpl - Loaded User =admin
2024-08-02 01:02:11 INFO  c.d.api.daoimpl.SystemUserDaoImpl - Loaded User =defaultsystemsubadmin
2024-08-02 01:02:22 INFO  c.d.api.daoimpl.SystemUserDaoImpl - Loaded User =admin
2024-08-02 01:07:39 INFO  c.d.api.daoimpl.SystemUserDaoImpl - Loaded User =kiran
2024-08-02 01:09:03 INFO  c.d.api.daoimpl.SystemUserDaoImpl - Loaded User =kiran
2024-08-02 01:12:42 INFO  c.d.api.daoimpl.SystemUserDaoImpl - Loaded User =kiran
2024-08-02 01:21:54 INFO  c.d.api.daoimpl.SystemUserDaoImpl - Loaded User =admin
2024-08-02 01:22:00 INFO  c.d.api.daoimpl.SystemUserDaoImpl - Loaded User =admin
2024-08-02 01:22:36 INFO  c.d.api.daoimpl.SystemUserDaoImpl - Loaded User =admin
2024-08-02 01:22:42 INFO  c.d.api.daoimpl.SystemUserDaoImpl - Loaded User =admin
2024-08-02 11:36:53 INFO  c.d.api.daoimpl.SystemUserDaoImpl - Loaded User =admin
2024-08-02 11:46:25 INFO  c.d.api.controller.AuthController - Trying to login = admin
2024-08-02 11:46:25 INFO  c.d.api.daoimpl.SystemUserDaoImpl - Loaded User =admin
2024-08-02 11:46:25 INFO  c.d.api.controller.AuthController - Logged In = admin
2024-08-02 11:46:48 INFO  c.d.api.daoimpl.SystemUserDaoImpl - Loaded User =admin
2024-08-02 11:48:25 INFO  c.d.api.daoimpl.SystemUserDaoImpl - Loaded User =admin
2024-08-02 11:48:31 INFO  c.d.api.daoimpl.SystemUserDaoImpl - Loaded User =admin
2024-08-02 11:50:02 INFO  c.d.api.daoimpl.SystemUserDaoImpl - Loaded User =admin
2024-08-02 11:50:46 INFO  c.d.api.daoimpl.SystemUserDaoImpl - Loaded User =admin
2024-08-02 11:51:04 INFO  c.d.api.daoimpl.SystemUserDaoImpl - Loaded User =admin
2024-08-02 11:51:12 INFO  c.d.api.daoimpl.SystemUserDaoImpl - Loaded User =admin
2024-08-02 11:52:32 INFO  c.d.api.daoimpl.SystemUserDaoImpl - Loaded User =admin
2024-08-02 11:53:08 INFO  c.d.api.daoimpl.SystemUserDaoImpl - Loaded User =admin
2024-08-02 11:57:10 INFO  c.d.api.daoimpl.SystemUserDaoImpl - Loaded User =admin
2024-08-02 11:59:00 INFO  c.d.api.daoimpl.SystemUserDaoImpl - Loaded User =admin
2024-08-02 11:59:07 INFO  c.d.api.daoimpl.SystemUserDaoImpl - Loaded User =admin
2024-08-02 11:59:15 INFO  c.d.api.daoimpl.SystemUserDaoImpl - Loaded User =admin
2024-08-02 11:59:56 INFO  c.d.api.daoimpl.SystemUserDaoImpl - Loaded User =admin
2024-08-02 12:01:00 INFO  c.d.api.daoimpl.SystemUserDaoImpl - Loaded User =admin
2024-08-02 12:01:28 INFO  c.d.api.daoimpl.SystemUserDaoImpl - Loaded User =admin
2024-08-02 12:08:58 INFO  c.d.api.daoimpl.SystemUserDaoImpl - Loaded User =admin
2024-08-02 12:08:59 INFO  c.d.api.controller.AuthController - Trying to login = admin
2024-08-02 12:08:59 INFO  c.d.api.daoimpl.SystemUserDaoImpl - Loaded User =admin
2024-08-02 12:08:59 INFO  c.d.api.controller.AuthController - Logged In = admin
2024-08-02 12:19:14 INFO  c.d.api.daoimpl.SystemUserDaoImpl - Loaded User =admin
2024-08-02 12:19:14 INFO  c.d.api.controller.AuthController - Trying to login = admin
2024-08-02 12:19:14 INFO  c.d.api.daoimpl.SystemUserDaoImpl - Loaded User =admin
2024-08-02 12:19:14 INFO  c.d.api.controller.AuthController - Logged In = admin
2024-08-02 12:19:18 INFO  c.d.api.daoimpl.SystemUserDaoImpl - Loaded User =admin
2024-08-02 12:31:18 INFO  c.d.api.daoimpl.SystemUserDaoImpl - Loaded User =admin
2024-08-02 12:33:06 INFO  c.d.api.daoimpl.SystemUserDaoImpl - Loaded User =admin
2024-08-02 12:34:23 INFO  c.d.api.daoimpl.SystemUserDaoImpl - Loaded User =admin
2024-08-02 12:34:50 INFO  c.d.api.daoimpl.SystemUserDaoImpl - Loaded User =admin
2024-08-02 12:35:08 INFO  c.d.api.daoimpl.SystemUserDaoImpl - Loaded User =admin
2024-08-02 12:35:18 INFO  c.d.api.daoimpl.SystemUserDaoImpl - Loaded User =admin
2024-08-02 12:35:53 INFO  c.d.api.daoimpl.SystemUserDaoImpl - Loaded User =admin
2024-08-02 12:36:36 INFO  c.d.api.daoimpl.SystemUserDaoImpl - Loaded User =admin
2024-08-02 12:37:15 INFO  c.d.api.daoimpl.SystemUserDaoImpl - Loaded User =admin
2024-08-02 12:37:34 INFO  c.d.api.daoimpl.SystemUserDaoImpl - Loaded User =admin
2024-08-02 12:38:27 INFO  c.d.api.daoimpl.SystemUserDaoImpl - Loaded User =admin
2024-08-02 12:38:30 INFO  c.d.api.daoimpl.SystemUserDaoImpl - Loaded User =admin
2024-08-02 12:39:07 INFO  c.d.api.daoimpl.SystemUserDaoImpl - Loaded User =admin
2024-08-02 12:39:19 INFO  c.d.api.daoimpl.SystemUserDaoImpl - Loaded User =admin
2024-08-02 12:39:25 INFO  c.d.api.daoimpl.SystemUserDaoImpl - Loaded User =admin
2024-08-02 12:39:38 INFO  c.d.api.daoimpl.SystemUserDaoImpl - Loaded User =admin
2024-08-02 12:41:08 INFO  c.d.api.daoimpl.SystemUserDaoImpl - Loaded User =admin
2024-08-02 14:37:48 INFO  c.d.api.daoimpl.SystemUserDaoImpl - Loaded User =admin
2024-08-02 14:37:48 INFO  c.d.api.controller.AuthController - Trying to login = admin
2024-08-02 14:37:48 INFO  c.d.api.daoimpl.SystemUserDaoImpl - Loaded User =admin
2024-08-02 14:37:48 INFO  c.d.api.controller.AuthController - Logged In = admin
2024-08-02 14:39:44 INFO  c.d.api.daoimpl.SystemUserDaoImpl - Loaded User =admin
2024-08-02 14:40:25 INFO  c.d.api.daoimpl.SystemUserDaoImpl - Loaded User =admin
2024-08-02 14:48:22 INFO  c.d.api.daoimpl.SystemUserDaoImpl - Loaded User =admin
2024-08-02 14:48:22 INFO  c.d.api.controller.AuthController - Trying to login = admin
2024-08-02 14:48:22 INFO  c.d.api.daoimpl.SystemUserDaoImpl - Loaded User =admin
2024-08-02 14:48:22 INFO  c.d.api.controller.AuthController - Logged In = admin
2024-08-02 14:56:15 INFO  c.d.api.daoimpl.SystemUserDaoImpl - Loaded User =admin
2024-08-02 14:56:47 INFO  c.d.api.daoimpl.SystemUserDaoImpl - Loaded User =admin
2024-08-02 14:57:42 INFO  c.d.api.daoimpl.SystemUserDaoImpl - Loaded User =admin
2024-08-02 14:57:48 INFO  c.d.api.daoimpl.SystemUserDaoImpl - Loaded User =admin
2024-08-02 15:03:55 INFO  c.d.api.daoimpl.SystemUserDaoImpl - Loaded User =admin
2024-08-02 15:04:07 INFO  c.d.api.daoimpl.SystemUserDaoImpl - Loaded User =admin
2024-08-02 15:06:28 INFO  c.d.api.daoimpl.SystemUserDaoImpl - Loaded User =admin
2024-08-02 15:06:42 INFO  c.d.api.daoimpl.SystemUserDaoImpl - Loaded User =admin
2024-08-02 15:16:27 INFO  c.d.api.daoimpl.SystemUserDaoImpl - Loaded User =admin
2024-08-02 15:16:27 INFO  c.d.api.controller.AuthController - Trying to login = admin
2024-08-02 15:16:27 INFO  c.d.api.daoimpl.SystemUserDaoImpl - Loaded User =admin
2024-08-02 15:16:27 INFO  c.d.api.controller.AuthController - Logged In = admin
2024-08-02 15:16:35 INFO  c.d.api.daoimpl.SystemUserDaoImpl - Loaded User =admin
2024-08-02 15:20:05 INFO  c.d.api.daoimpl.SystemUserDaoImpl - Loaded User =admin
2024-08-02 15:20:50 INFO  c.d.api.daoimpl.SystemUserDaoImpl - Loaded User =admin
2024-08-02 15:21:01 INFO  c.d.api.daoimpl.SystemUserDaoImpl - Loaded User =admin
2024-08-02 15:21:15 INFO  c.d.api.daoimpl.SystemUserDaoImpl - Loaded User =admin
2024-08-02 15:23:17 INFO  c.d.api.daoimpl.SystemUserDaoImpl - Loaded User =admin
2024-08-02 15:23:24 INFO  c.d.api.daoimpl.SystemUserDaoImpl - Loaded User =admin
2024-08-02 15:33:32 INFO  c.d.api.daoimpl.SystemUserDaoImpl - Loaded User =admin
2024-08-02 15:33:44 INFO  c.d.api.daoimpl.SystemUserDaoImpl - Loaded User =admin
2024-08-02 15:33:51 INFO  c.d.api.daoimpl.SystemUserDaoImpl - Loaded User =admin
2024-08-02 15:34:29 INFO  c.d.api.daoimpl.SystemUserDaoImpl - Loaded User =admin
2024-08-02 15:35:04 INFO  c.d.api.daoimpl.SystemUserDaoImpl - Loaded User =admin
2024-08-02 19:50:59 INFO  c.d.api.daoimpl.SystemUserDaoImpl - Loaded User =admin
2024-08-02 19:50:59 INFO  c.d.api.controller.AuthController - Trying to login = admin
2024-08-02 19:51:00 INFO  c.d.api.daoimpl.SystemUserDaoImpl - Loaded User =admin
2024-08-02 19:51:00 INFO  c.d.api.controller.AuthController - Logged In = admin
2024-08-02 19:51:06 INFO  c.d.api.daoimpl.SystemUserDaoImpl - Loaded User =admin
2024-08-02 19:51:55 INFO  c.d.api.daoimpl.SystemUserDaoImpl - Loaded User =admin
2024-08-02 19:54:34 INFO  c.d.api.controller.AuthController - Trying to login = admin
2024-08-02 19:54:34 INFO  c.d.api.daoimpl.SystemUserDaoImpl - Loaded User =admin
2024-08-02 19:54:34 INFO  c.d.api.controller.AuthController - Logged In = admin
2024-08-02 19:56:19 INFO  c.d.api.daoimpl.SystemUserDaoImpl - Loaded User =admin
2024-08-02 20:00:14 INFO  c.d.api.controller.AuthController - Trying to login = admin
2024-08-02 20:00:14 INFO  c.d.api.daoimpl.SystemUserDaoImpl - Loaded User =admin
2024-08-02 20:00:15 INFO  c.d.api.controller.AuthController - Logged In = admin
2024-08-02 20:00:17 INFO  c.d.api.daoimpl.SystemUserDaoImpl - Loaded User =admin
2024-08-02 20:00:17 INFO  c.d.api.controller.AuthController - Trying to login = admin
2024-08-02 20:00:17 INFO  c.d.api.daoimpl.SystemUserDaoImpl - Loaded User =admin
2024-08-02 20:00:17 INFO  c.d.api.controller.AuthController - Logged In = admin
2024-08-02 20:00:23 INFO  c.d.api.daoimpl.SystemUserDaoImpl - Loaded User =admin
2024-08-02 20:00:23 INFO  c.d.api.controller.AuthController - Trying to login = admin
2024-08-02 20:00:24 INFO  c.d.api.daoimpl.SystemUserDaoImpl - Loaded User =admin
2024-08-02 20:00:24 INFO  c.d.api.controller.AuthController - Logged In = admin
2024-08-02 20:05:17 INFO  c.d.api.controller.AuthController - Trying to login = admin
2024-08-02 20:05:17 INFO  c.d.api.daoimpl.SystemUserDaoImpl - Loaded User =admin
2024-08-02 20:05:18 INFO  c.d.api.controller.AuthController - Logged In = admin
2024-08-02 20:05:23 INFO  c.d.api.daoimpl.SystemUserDaoImpl - Loaded User =admin
