2024-08-14 12:51:52 INFO  c.d.api.controller.AuthController - Trying to login = 
2024-08-14 12:51:52 INFO  c.d.api.daoimpl.SystemUserDaoImpl - Loaded User =
2024-08-14 12:51:59 INFO  c.d.api.controller.AuthController - Trying to login = 
2024-08-14 12:51:59 INFO  c.d.api.daoimpl.SystemUserDaoImpl - Loaded User =
2024-08-14 12:52:24 INFO  c.d.api.controller.AuthController - Trying to login = admin
2024-08-14 12:52:24 INFO  c.d.api.daoimpl.SystemUserDaoImpl - Loaded User =admin
2024-08-14 12:52:24 INFO  c.d.api.controller.AuthController - Logged In = admin
2024-08-14 12:53:26 INFO  c.d.api.daoimpl.SystemUserDaoImpl - Loaded User =admin
2024-08-14 12:53:29 INFO  c.d.api.daoimpl.SystemUserDaoImpl - Loaded User =admin
2024-08-14 12:53:31 INFO  c.d.api.daoimpl.SystemUserDaoImpl - Loaded User =admin
2024-08-14 13:02:40 INFO  c.d.api.daoimpl.SystemUserDaoImpl - Loaded User =admin
2024-08-14 13:03:37 INFO  c.d.api.daoimpl.SystemUserDaoImpl - Loaded User =admin
2024-08-14 13:03:47 INFO  c.d.api.daoimpl.SystemUserDaoImpl - Loaded User =admin
2024-08-14 13:04:22 INFO  c.d.api.daoimpl.SystemUserDaoImpl - Loaded User =admin
2024-08-14 13:04:28 INFO  c.d.api.daoimpl.SystemUserDaoImpl - Loaded User =admin
2024-08-14 13:06:39 INFO  c.d.api.daoimpl.SystemUserDaoImpl - Loaded User =admin
2024-08-14 13:07:34 INFO  c.d.api.daoimpl.SystemUserDaoImpl - Loaded User =admin
2024-08-14 13:07:55 INFO  c.d.api.daoimpl.SystemUserDaoImpl - Loaded User =admin
2024-08-14 13:08:39 INFO  c.d.api.daoimpl.SystemUserDaoImpl - Loaded User =admin
2024-08-14 13:09:32 INFO  c.d.api.daoimpl.SystemUserDaoImpl - Loaded User =admin
2024-08-14 13:09:48 INFO  c.d.api.daoimpl.SystemUserDaoImpl - Loaded User =admin
2024-08-14 13:10:18 INFO  c.d.api.daoimpl.SystemUserDaoImpl - Loaded User =admin
2024-08-14 13:11:19 INFO  c.d.api.daoimpl.SystemUserDaoImpl - Loaded User =admin
2024-08-14 13:11:35 INFO  c.d.api.controller.AuthController - Trying to login = admin
2024-08-14 13:11:35 INFO  c.d.api.daoimpl.SystemUserDaoImpl - Loaded User =admin
2024-08-14 13:11:47 INFO  c.d.api.controller.AuthController - Trying to login = admin
2024-08-14 13:11:47 INFO  c.d.api.daoimpl.SystemUserDaoImpl - Loaded User =admin
2024-08-14 13:13:01 INFO  c.d.api.controller.AuthController - Trying to login = admin
2024-08-14 13:13:01 INFO  c.d.api.daoimpl.SystemUserDaoImpl - Loaded User =admin
2024-08-14 13:14:35 INFO  c.d.api.controller.AuthController - Trying to login = admin
2024-08-14 13:14:35 INFO  c.d.api.daoimpl.SystemUserDaoImpl - Loaded User =admin
2024-08-14 13:15:40 INFO  c.d.api.controller.AuthController - Trying to login = admin
2024-08-14 13:15:40 INFO  c.d.api.daoimpl.SystemUserDaoImpl - Loaded User =admin
2024-08-14 13:16:14 INFO  c.d.api.controller.AuthController - Trying to login = admin
2024-08-14 13:16:14 INFO  c.d.api.daoimpl.SystemUserDaoImpl - Loaded User =admin
2024-08-14 13:19:10 INFO  c.d.api.controller.AuthController - Trying to login = admin
2024-08-14 13:19:10 INFO  c.d.api.daoimpl.SystemUserDaoImpl - Loaded User =admin
2024-08-14 13:19:35 INFO  c.d.api.controller.AuthController - Trying to login = admin
2024-08-14 13:19:35 INFO  c.d.api.daoimpl.SystemUserDaoImpl - Loaded User =admin
2024-08-14 13:19:43 INFO  c.d.api.controller.AuthController - Trying to login = admin
2024-08-14 13:19:43 INFO  c.d.api.daoimpl.SystemUserDaoImpl - Loaded User =admin
2024-08-14 13:45:25 INFO  c.d.api.controller.AuthController - Trying to login = admin
2024-08-14 13:45:25 INFO  c.d.api.daoimpl.SystemUserDaoImpl - Loaded User =admin
2024-08-14 13:46:32 INFO  c.d.api.controller.AuthController - Trying to login = admin
2024-08-14 13:46:32 INFO  c.d.api.daoimpl.SystemUserDaoImpl - Loaded User =admin
2024-08-14 13:46:32 INFO  c.d.api.controller.AuthController - Logged In = admin
2024-08-14 13:46:49 INFO  c.d.api.daoimpl.SystemUserDaoImpl - Loaded User =admin
2024-08-14 13:46:53 INFO  c.d.api.daoimpl.SystemUserDaoImpl - Loaded User =admin
2024-08-14 13:47:04 INFO  c.d.api.daoimpl.SystemUserDaoImpl - Loaded User =admin
2024-08-14 13:47:10 INFO  c.d.api.daoimpl.SystemUserDaoImpl - Loaded User =admin
2024-08-14 13:48:37 INFO  c.d.api.daoimpl.SystemUserDaoImpl - Loaded User =admin
2024-08-14 13:52:17 INFO  c.d.api.daoimpl.SystemUserDaoImpl - Loaded User =admin
2024-08-14 13:52:44 INFO  c.d.api.daoimpl.SystemUserDaoImpl - Loaded User =admin
2024-08-14 13:53:08 INFO  c.d.api.daoimpl.SystemUserDaoImpl - Loaded User =admin
2024-08-14 13:53:15 INFO  c.d.api.daoimpl.SystemUserDaoImpl - Loaded User =admin
2024-08-14 13:53:48 INFO  c.d.api.daoimpl.SystemUserDaoImpl - Loaded User =admin
2024-08-14 14:36:27 INFO  c.d.api.daoimpl.SystemUserDaoImpl - Loaded User =admin
2024-08-14 14:36:27 INFO  c.d.api.controller.AuthController - Trying to login = admin
2024-08-14 14:36:27 INFO  c.d.api.daoimpl.SystemUserDaoImpl - Loaded User =admin
2024-08-14 14:36:27 INFO  c.d.api.controller.AuthController - Logged In = admin
2024-08-14 14:38:52 INFO  c.d.api.controller.AuthController - Trying to login = admin
2024-08-14 14:38:52 INFO  c.d.api.daoimpl.SystemUserDaoImpl - Loaded User =admin
2024-08-14 14:38:52 INFO  c.d.api.controller.AuthController - Logged In = admin
2024-08-14 14:43:02 INFO  c.d.api.controller.AuthController - Trying to login = admin
2024-08-14 14:43:02 INFO  c.d.api.daoimpl.SystemUserDaoImpl - Loaded User =admin
2024-08-14 14:43:03 INFO  c.d.api.controller.AuthController - Logged In = admin
2024-08-14 14:51:58 INFO  c.d.api.controller.AuthController - Trying to login = admin
2024-08-14 14:51:58 INFO  c.d.api.daoimpl.SystemUserDaoImpl - Loaded User =admin
2024-08-14 14:51:59 INFO  c.d.api.controller.AuthController - Logged In = admin
2024-08-14 14:56:30 INFO  c.d.api.controller.AuthController - Trying to login = admin
2024-08-14 14:56:30 INFO  c.d.api.daoimpl.SystemUserDaoImpl - Loaded User =admin
2024-08-14 14:56:30 INFO  c.d.api.controller.AuthController - Logged In = admin
