2024-08-13 12:03:57 INFO  c.d.api.controller.AuthController - Trying to login = admin
2024-08-13 12:03:58 INFO  c.d.api.daoimpl.SystemUserDaoImpl - Loaded User =admin
2024-08-13 12:03:58 INFO  c.d.api.controller.AuthController - Logged In = admin
2024-08-13 12:04:44 INFO  c.d.api.daoimpl.SystemUserDaoImpl - Loaded User =admin
2024-08-13 12:32:41 INFO  c.d.api.daoimpl.SystemUserDaoImpl - Loaded User =admin
2024-08-13 12:33:30 INFO  c.d.api.daoimpl.SystemUserDaoImpl - Loaded User =admin
2024-08-13 12:56:20 INFO  c.d.api.daoimpl.SystemUserDaoImpl - Loaded User =admin
2024-08-13 12:57:05 INFO  c.d.api.daoimpl.SystemUserDaoImpl - Loaded User =admin
2024-08-13 12:57:35 INFO  c.d.api.daoimpl.SystemUserDaoImpl - Loaded User =admin
2024-08-13 12:57:47 INFO  c.d.api.daoimpl.SystemUserDaoImpl - Loaded User =admin
2024-08-13 12:58:05 INFO  c.d.api.daoimpl.SystemUserDaoImpl - Loaded User =admin
2024-08-13 12:58:23 INFO  c.d.api.daoimpl.SystemUserDaoImpl - Loaded User =admin
2024-08-13 13:00:56 INFO  c.d.api.daoimpl.SystemUserDaoImpl - Loaded User =admin
2024-08-13 13:01:53 INFO  c.d.api.daoimpl.SystemUserDaoImpl - Loaded User =admin
2024-08-13 13:02:06 INFO  c.d.api.daoimpl.SystemUserDaoImpl - Loaded User =admin
2024-08-13 13:02:10 INFO  c.d.api.daoimpl.SystemUserDaoImpl - Loaded User =admin
2024-08-13 13:03:15 INFO  c.d.api.daoimpl.SystemUserDaoImpl - Loaded User =admin
2024-08-13 13:03:20 INFO  c.d.api.daoimpl.SystemUserDaoImpl - Loaded User =admin
2024-08-13 13:03:38 INFO  c.d.api.daoimpl.SystemUserDaoImpl - Loaded User =admin
2024-08-13 13:03:50 INFO  c.d.api.daoimpl.SystemUserDaoImpl - Loaded User =admin
2024-08-13 13:04:27 INFO  c.d.api.daoimpl.SystemUserDaoImpl - Loaded User =admin
2024-08-13 13:04:32 INFO  c.d.api.daoimpl.SystemUserDaoImpl - Loaded User =admin
2024-08-13 13:04:47 INFO  c.d.api.daoimpl.SystemUserDaoImpl - Loaded User =admin
2024-08-13 13:09:47 INFO  c.d.api.daoimpl.SystemUserDaoImpl - Loaded User =admin
2024-08-13 13:09:51 INFO  c.d.api.daoimpl.SystemUserDaoImpl - Loaded User =admin
2024-08-13 13:09:53 INFO  c.d.api.daoimpl.SystemUserDaoImpl - Loaded User =admin
2024-08-13 13:09:57 INFO  c.d.api.daoimpl.SystemUserDaoImpl - Loaded User =admin
2024-08-13 13:10:36 INFO  c.d.api.daoimpl.SystemUserDaoImpl - Loaded User =admin
2024-08-13 13:10:36 INFO  c.d.api.controller.AuthController - Trying to login = admin
2024-08-13 13:10:36 INFO  c.d.api.daoimpl.SystemUserDaoImpl - Loaded User =admin
2024-08-13 13:10:37 INFO  c.d.api.controller.AuthController - Logged In = admin
2024-08-13 13:10:39 INFO  c.d.api.daoimpl.SystemUserDaoImpl - Loaded User =admin
2024-08-13 13:12:16 INFO  c.d.api.daoimpl.SystemUserDaoImpl - Loaded User =admin
2024-08-13 13:13:35 INFO  c.d.api.daoimpl.SystemUserDaoImpl - Loaded User =admin
2024-08-13 13:13:37 INFO  c.d.api.daoimpl.SystemUserDaoImpl - Loaded User =admin
2024-08-13 13:17:04 INFO  c.d.api.daoimpl.SystemUserDaoImpl - Loaded User =admin
2024-08-13 13:17:04 INFO  c.d.api.controller.AuthController - Trying to login = admin
2024-08-13 13:17:04 INFO  c.d.api.daoimpl.SystemUserDaoImpl - Loaded User =admin
2024-08-13 13:17:04 INFO  c.d.api.controller.AuthController - Logged In = admin
2024-08-13 13:17:38 INFO  c.d.api.daoimpl.SystemUserDaoImpl - Loaded User =admin
2024-08-13 13:17:41 INFO  c.d.api.daoimpl.SystemUserDaoImpl - Loaded User =admin
2024-08-13 13:17:44 INFO  c.d.api.daoimpl.SystemUserDaoImpl - Loaded User =admin
2024-08-13 13:17:46 INFO  c.d.api.daoimpl.SystemUserDaoImpl - Loaded User =admin
2024-08-13 13:17:47 INFO  c.d.api.daoimpl.SystemUserDaoImpl - Loaded User =admin
2024-08-13 13:17:55 INFO  c.d.api.daoimpl.SystemUserDaoImpl - Loaded User =admin
2024-08-13 13:19:44 INFO  c.d.api.daoimpl.SystemUserDaoImpl - Loaded User =admin
2024-08-13 13:19:44 INFO  c.d.api.controller.AuthController - Trying to login = admin
2024-08-13 13:19:44 INFO  c.d.api.daoimpl.SystemUserDaoImpl - Loaded User =admin
2024-08-13 13:19:44 INFO  c.d.api.controller.AuthController - Logged In = admin
2024-08-13 13:19:48 INFO  c.d.api.daoimpl.SystemUserDaoImpl - Loaded User =admin
2024-08-13 13:19:52 INFO  c.d.api.daoimpl.SystemUserDaoImpl - Loaded User =admin
2024-08-13 13:19:55 INFO  c.d.api.daoimpl.SystemUserDaoImpl - Loaded User =admin
2024-08-13 13:23:26 INFO  c.d.api.daoimpl.SystemUserDaoImpl - Loaded User =admin
2024-08-13 13:23:37 INFO  c.d.api.controller.AuthController - Trying to login = admin
2024-08-13 13:23:38 INFO  c.d.api.daoimpl.SystemUserDaoImpl - Loaded User =admin
2024-08-13 13:23:38 INFO  c.d.api.controller.AuthController - Logged In = admin
2024-08-13 13:23:40 INFO  c.d.api.daoimpl.SystemUserDaoImpl - Loaded User =admin
2024-08-13 13:23:41 INFO  c.d.api.daoimpl.SystemUserDaoImpl - Loaded User =admin
2024-08-13 13:57:11 INFO  c.d.api.daoimpl.SystemUserDaoImpl - Loaded User =admin
2024-08-13 13:58:46 INFO  c.d.api.daoimpl.SystemUserDaoImpl - Loaded User =kiran
2024-08-13 14:03:47 INFO  c.d.api.daoimpl.SystemUserDaoImpl - Loaded User =admin
2024-08-13 14:06:32 INFO  c.d.api.daoimpl.SystemUserDaoImpl - Loaded User =admin
2024-08-13 14:26:42 INFO  c.d.api.daoimpl.SystemUserDaoImpl - Loaded User =kiran
2024-08-13 14:30:23 INFO  c.d.api.daoimpl.SystemUserDaoImpl - Loaded User =admin
2024-08-13 14:30:23 INFO  c.d.api.controller.AuthController - Trying to login = admin
2024-08-13 14:30:23 INFO  c.d.api.daoimpl.SystemUserDaoImpl - Loaded User =admin
2024-08-13 14:30:23 INFO  c.d.api.controller.AuthController - Logged In = admin
2024-08-13 14:30:25 INFO  c.d.api.daoimpl.SystemUserDaoImpl - Loaded User =admin
2024-08-13 14:30:27 INFO  c.d.api.daoimpl.SystemUserDaoImpl - Loaded User =admin
2024-08-13 14:30:48 INFO  c.d.api.daoimpl.SystemUserDaoImpl - Loaded User =admin
2024-08-13 14:30:56 INFO  c.d.api.daoimpl.SystemUserDaoImpl - Loaded User =admin
2024-08-13 14:30:58 INFO  c.d.api.daoimpl.SystemUserDaoImpl - Loaded User =admin
2024-08-13 14:31:45 INFO  c.d.api.daoimpl.SystemUserDaoImpl - Loaded User =admin
2024-08-13 14:31:53 INFO  c.d.api.daoimpl.SystemUserDaoImpl - Loaded User =admin
2024-08-13 14:33:36 INFO  c.d.api.daoimpl.SystemUserDaoImpl - Loaded User =admin
2024-08-13 14:33:49 INFO  c.d.api.daoimpl.SystemUserDaoImpl - Loaded User =admin
2024-08-13 14:35:37 INFO  c.d.api.daoimpl.SystemUserDaoImpl - Loaded User =admin
2024-08-13 14:35:43 INFO  c.d.api.daoimpl.SystemUserDaoImpl - Loaded User =admin
2024-08-13 14:36:05 INFO  c.d.api.daoimpl.SystemUserDaoImpl - Loaded User =admin
2024-08-13 14:36:19 INFO  c.d.api.daoimpl.SystemUserDaoImpl - Loaded User =admin
2024-08-13 14:36:25 INFO  c.d.api.daoimpl.SystemUserDaoImpl - Loaded User =admin
2024-08-13 14:38:52 INFO  c.d.api.daoimpl.SystemUserDaoImpl - Loaded User =admin
2024-08-13 14:39:22 INFO  c.d.api.daoimpl.SystemUserDaoImpl - Loaded User =admin
2024-08-13 14:40:10 INFO  c.d.api.daoimpl.SystemUserDaoImpl - Loaded User =admin
2024-08-13 14:40:34 INFO  c.d.api.daoimpl.SystemUserDaoImpl - Loaded User =admin
2024-08-13 14:42:22 INFO  c.d.api.daoimpl.SystemUserDaoImpl - Loaded User =admin
2024-08-13 14:45:03 INFO  c.d.api.daoimpl.SystemUserDaoImpl - Loaded User =admin
2024-08-13 14:45:31 INFO  c.d.api.daoimpl.SystemUserDaoImpl - Loaded User =admin
2024-08-13 14:47:04 INFO  c.d.api.daoimpl.SystemUserDaoImpl - Loaded User =admin
2024-08-13 14:47:42 INFO  c.d.api.daoimpl.SystemUserDaoImpl - Loaded User =admin
2024-08-13 14:48:47 INFO  c.d.api.daoimpl.SystemUserDaoImpl - Loaded User =admin
2024-08-13 14:49:56 INFO  c.d.api.daoimpl.SystemUserDaoImpl - Loaded User =admin
2024-08-13 14:53:13 INFO  c.d.api.daoimpl.SystemUserDaoImpl - Loaded User =admin
2024-08-13 14:54:18 INFO  c.d.api.daoimpl.SystemUserDaoImpl - Loaded User =admin
2024-08-13 14:55:33 INFO  c.d.api.daoimpl.SystemUserDaoImpl - Loaded User =admin
2024-08-13 14:55:48 INFO  c.d.api.daoimpl.SystemUserDaoImpl - Loaded User =admin
2024-08-13 14:56:13 INFO  c.d.api.daoimpl.SystemUserDaoImpl - Loaded User =admin
2024-08-13 14:57:34 INFO  c.d.api.daoimpl.SystemUserDaoImpl - Loaded User =admin
2024-08-13 14:58:01 INFO  c.d.api.daoimpl.SystemUserDaoImpl - Loaded User =admin
2024-08-13 15:02:57 INFO  c.d.api.daoimpl.SystemUserDaoImpl - Loaded User =admin
2024-08-13 15:03:26 INFO  c.d.api.daoimpl.SystemUserDaoImpl - Loaded User =admin
2024-08-13 15:04:00 INFO  c.d.api.daoimpl.SystemUserDaoImpl - Loaded User =admin
2024-08-13 15:05:22 INFO  c.d.api.daoimpl.SystemUserDaoImpl - Loaded User =admin
2024-08-13 15:05:42 INFO  c.d.api.daoimpl.SystemUserDaoImpl - Loaded User =admin
2024-08-13 15:06:30 INFO  c.d.api.daoimpl.SystemUserDaoImpl - Loaded User =admin
2024-08-13 15:07:41 INFO  c.d.api.daoimpl.SystemUserDaoImpl - Loaded User =admin
2024-08-13 15:07:45 INFO  c.d.api.daoimpl.SystemUserDaoImpl - Loaded User =admin
2024-08-13 15:09:02 INFO  c.d.api.daoimpl.SystemUserDaoImpl - Loaded User =admin
2024-08-13 15:09:58 INFO  c.d.api.daoimpl.SystemUserDaoImpl - Loaded User =admin
2024-08-13 15:10:03 INFO  c.d.api.daoimpl.SystemUserDaoImpl - Loaded User =admin
2024-08-13 15:10:32 INFO  c.d.api.daoimpl.SystemUserDaoImpl - Loaded User =admin
2024-08-13 15:13:10 INFO  c.d.api.daoimpl.SystemUserDaoImpl - Loaded User =admin
2024-08-13 15:13:43 INFO  c.d.api.daoimpl.SystemUserDaoImpl - Loaded User =admin
2024-08-13 15:13:51 INFO  c.d.api.daoimpl.SystemUserDaoImpl - Loaded User =admin
2024-08-13 15:14:16 INFO  c.d.api.daoimpl.SystemUserDaoImpl - Loaded User =admin
2024-08-13 15:14:24 INFO  c.d.api.daoimpl.SystemUserDaoImpl - Loaded User =admin
2024-08-13 15:14:58 INFO  c.d.api.daoimpl.SystemUserDaoImpl - Loaded User =admin
2024-08-13 15:15:09 INFO  c.d.api.daoimpl.SystemUserDaoImpl - Loaded User =admin
2024-08-13 15:15:17 INFO  c.d.api.daoimpl.SystemUserDaoImpl - Loaded User =admin
2024-08-13 15:17:51 INFO  c.d.api.daoimpl.SystemUserDaoImpl - Loaded User =admin
2024-08-13 15:17:53 INFO  c.d.api.daoimpl.SystemUserDaoImpl - Loaded User =admin
2024-08-13 15:17:59 INFO  c.d.api.daoimpl.SystemUserDaoImpl - Loaded User =admin
2024-08-13 15:18:31 INFO  c.d.api.daoimpl.SystemUserDaoImpl - Loaded User =admin
2024-08-13 15:20:59 INFO  c.d.api.daoimpl.SystemUserDaoImpl - Loaded User =admin
2024-08-13 15:21:15 INFO  c.d.api.daoimpl.SystemUserDaoImpl - Loaded User =admin
2024-08-13 15:21:38 INFO  c.d.api.daoimpl.SystemUserDaoImpl - Loaded User =admin
2024-08-13 15:21:41 INFO  c.d.api.daoimpl.SystemUserDaoImpl - Loaded User =admin
2024-08-13 15:23:03 INFO  c.d.api.daoimpl.SystemUserDaoImpl - Loaded User =admin
2024-08-13 15:23:09 INFO  c.d.api.daoimpl.SystemUserDaoImpl - Loaded User =admin
2024-08-13 15:23:19 INFO  c.d.api.daoimpl.SystemUserDaoImpl - Loaded User =admin
2024-08-13 15:23:20 INFO  c.d.api.daoimpl.SystemUserDaoImpl - Loaded User =admin
2024-08-13 15:23:37 INFO  c.d.api.daoimpl.SystemUserDaoImpl - Loaded User =admin
2024-08-13 15:23:47 INFO  c.d.api.daoimpl.SystemUserDaoImpl - Loaded User =admin
2024-08-13 15:23:54 INFO  c.d.api.daoimpl.SystemUserDaoImpl - Loaded User =admin
2024-08-13 15:24:41 INFO  c.d.api.daoimpl.SystemUserDaoImpl - Loaded User =admin
2024-08-13 15:24:51 INFO  c.d.api.daoimpl.SystemUserDaoImpl - Loaded User =admin
2024-08-13 15:25:05 INFO  c.d.api.daoimpl.SystemUserDaoImpl - Loaded User =admin
2024-08-13 15:25:07 INFO  c.d.api.daoimpl.SystemUserDaoImpl - Loaded User =admin
2024-08-13 15:56:44 INFO  c.d.api.daoimpl.SystemUserDaoImpl - Loaded User =admin
2024-08-13 15:58:04 INFO  c.d.api.daoimpl.SystemUserDaoImpl - Loaded User =admin
2024-08-13 15:58:27 INFO  c.d.api.daoimpl.SystemUserDaoImpl - Loaded User =admin
2024-08-13 15:58:40 INFO  c.d.api.daoimpl.SystemUserDaoImpl - Loaded User =admin
2024-08-13 15:58:56 INFO  c.d.api.daoimpl.SystemUserDaoImpl - Loaded User =admin
2024-08-13 15:59:14 INFO  c.d.api.daoimpl.SystemUserDaoImpl - Loaded User =admin
2024-08-13 15:59:42 INFO  c.d.api.daoimpl.SystemUserDaoImpl - Loaded User =admin
2024-08-13 16:00:54 INFO  c.d.api.daoimpl.SystemUserDaoImpl - Loaded User =admin
2024-08-13 16:01:38 INFO  c.d.api.daoimpl.SystemUserDaoImpl - Loaded User =admin
2024-08-13 16:01:55 INFO  c.d.api.daoimpl.SystemUserDaoImpl - Loaded User =admin
2024-08-13 16:02:35 INFO  c.d.api.daoimpl.SystemUserDaoImpl - Loaded User =admin
2024-08-13 16:02:55 INFO  c.d.api.daoimpl.SystemUserDaoImpl - Loaded User =admin
2024-08-13 16:11:13 INFO  c.d.api.daoimpl.SystemUserDaoImpl - Loaded User =admin
2024-08-13 16:11:30 INFO  c.d.api.daoimpl.SystemUserDaoImpl - Loaded User =admin
2024-08-13 16:12:42 INFO  c.d.api.daoimpl.SystemUserDaoImpl - Loaded User =admin
2024-08-13 16:12:53 INFO  c.d.api.daoimpl.SystemUserDaoImpl - Loaded User =admin
2024-08-13 16:13:27 INFO  c.d.api.daoimpl.SystemUserDaoImpl - Loaded User =admin
2024-08-13 16:15:42 INFO  c.d.api.daoimpl.SystemUserDaoImpl - Loaded User =admin
2024-08-13 16:15:44 INFO  c.d.api.daoimpl.SystemUserDaoImpl - Loaded User =admin
2024-08-13 16:21:46 INFO  c.d.api.daoimpl.SystemUserDaoImpl - Loaded User =admin
2024-08-13 16:21:54 INFO  c.d.api.daoimpl.SystemUserDaoImpl - Loaded User =admin
2024-08-13 16:22:05 INFO  c.d.api.daoimpl.SystemUserDaoImpl - Loaded User =admin
2024-08-13 16:22:21 INFO  c.d.api.daoimpl.SystemUserDaoImpl - Loaded User =admin
2024-08-13 16:22:55 INFO  c.d.api.daoimpl.SystemUserDaoImpl - Loaded User =admin
2024-08-13 16:31:21 INFO  c.d.api.daoimpl.SystemUserDaoImpl - Loaded User =admin
2024-08-13 16:32:36 INFO  c.d.api.daoimpl.SystemUserDaoImpl - Loaded User =admin
2024-08-13 16:32:39 INFO  c.d.api.daoimpl.SystemUserDaoImpl - Loaded User =admin
2024-08-13 16:33:16 INFO  c.d.api.daoimpl.SystemUserDaoImpl - Loaded User =admin
2024-08-13 16:33:44 INFO  c.d.api.daoimpl.SystemUserDaoImpl - Loaded User =admin
2024-08-13 16:34:04 INFO  c.d.api.daoimpl.SystemUserDaoImpl - Loaded User =admin
2024-08-13 16:34:56 INFO  c.d.api.daoimpl.SystemUserDaoImpl - Loaded User =admin
2024-08-13 16:35:03 INFO  c.d.api.daoimpl.SystemUserDaoImpl - Loaded User =admin
2024-08-13 16:35:32 INFO  c.d.api.daoimpl.SystemUserDaoImpl - Loaded User =admin
2024-08-13 16:37:12 INFO  c.d.api.daoimpl.SystemUserDaoImpl - Loaded User =admin
2024-08-13 16:37:21 INFO  c.d.api.daoimpl.SystemUserDaoImpl - Loaded User =admin
2024-08-13 16:37:42 INFO  c.d.api.daoimpl.SystemUserDaoImpl - Loaded User =admin
2024-08-13 16:41:14 INFO  c.d.api.daoimpl.SystemUserDaoImpl - Loaded User =admin
2024-08-13 16:42:00 INFO  c.d.api.daoimpl.SystemUserDaoImpl - Loaded User =admin
2024-08-13 16:42:31 INFO  c.d.api.daoimpl.SystemUserDaoImpl - Loaded User =admin
2024-08-13 16:43:48 INFO  c.d.api.daoimpl.SystemUserDaoImpl - Loaded User =admin
2024-08-13 16:44:10 INFO  c.d.api.daoimpl.SystemUserDaoImpl - Loaded User =admin
2024-08-13 16:44:59 INFO  c.d.api.daoimpl.SystemUserDaoImpl - Loaded User =admin
2024-08-13 16:45:15 INFO  c.d.api.daoimpl.SystemUserDaoImpl - Loaded User =admin
2024-08-13 16:46:53 INFO  c.d.api.daoimpl.SystemUserDaoImpl - Loaded User =admin
2024-08-13 16:47:08 INFO  c.d.api.daoimpl.SystemUserDaoImpl - Loaded User =admin
2024-08-13 16:47:19 INFO  c.d.api.daoimpl.SystemUserDaoImpl - Loaded User =admin
2024-08-13 16:47:21 INFO  c.d.api.daoimpl.SystemUserDaoImpl - Loaded User =admin
2024-08-13 16:47:51 INFO  c.d.api.daoimpl.SystemUserDaoImpl - Loaded User =admin
2024-08-13 16:47:51 INFO  c.d.api.controller.AuthController - Trying to login = admin
2024-08-13 16:47:52 INFO  c.d.api.daoimpl.SystemUserDaoImpl - Loaded User =admin
2024-08-13 16:47:52 INFO  c.d.api.controller.AuthController - Logged In = admin
2024-08-13 16:48:14 INFO  c.d.api.daoimpl.SystemUserDaoImpl - Loaded User =admin
2024-08-13 16:48:18 INFO  c.d.api.daoimpl.SystemUserDaoImpl - Loaded User =admin
2024-08-13 16:48:23 INFO  c.d.api.daoimpl.SystemUserDaoImpl - Loaded User =admin
2024-08-13 16:49:51 INFO  c.d.api.daoimpl.SystemUserDaoImpl - Loaded User =admin
2024-08-13 16:49:54 INFO  c.d.api.daoimpl.SystemUserDaoImpl - Loaded User =admin
2024-08-13 16:49:58 INFO  c.d.api.daoimpl.SystemUserDaoImpl - Loaded User =admin
2024-08-13 16:50:02 INFO  c.d.api.daoimpl.SystemUserDaoImpl - Loaded User =admin
2024-08-13 16:51:50 INFO  c.d.api.daoimpl.SystemUserDaoImpl - Loaded User =admin
2024-08-13 16:52:01 INFO  c.d.api.daoimpl.SystemUserDaoImpl - Loaded User =admin
2024-08-13 16:52:03 INFO  c.d.api.daoimpl.SystemUserDaoImpl - Loaded User =admin
2024-08-13 16:52:06 INFO  c.d.api.daoimpl.SystemUserDaoImpl - Loaded User =admin
2024-08-13 16:52:20 INFO  c.d.api.daoimpl.SystemUserDaoImpl - Loaded User =admin
2024-08-13 16:52:23 INFO  c.d.api.daoimpl.SystemUserDaoImpl - Loaded User =admin
2024-08-13 16:52:28 INFO  c.d.api.daoimpl.SystemUserDaoImpl - Loaded User =admin
2024-08-13 16:53:48 INFO  c.d.api.daoimpl.SystemUserDaoImpl - Loaded User =admin
2024-08-13 16:53:48 INFO  c.d.api.controller.AuthController - Trying to login = admin
2024-08-13 16:53:48 INFO  c.d.api.daoimpl.SystemUserDaoImpl - Loaded User =admin
2024-08-13 16:53:48 INFO  c.d.api.controller.AuthController - Logged In = admin
2024-08-13 16:53:50 INFO  c.d.api.daoimpl.SystemUserDaoImpl - Loaded User =admin
2024-08-13 16:53:52 INFO  c.d.api.daoimpl.SystemUserDaoImpl - Loaded User =admin
2024-08-13 16:53:57 INFO  c.d.api.daoimpl.SystemUserDaoImpl - Loaded User =admin
2024-08-13 16:54:44 INFO  c.d.api.daoimpl.SystemUserDaoImpl - Loaded User =admin
2024-08-13 16:55:23 INFO  c.d.api.daoimpl.SystemUserDaoImpl - Loaded User =admin
2024-08-13 16:55:42 INFO  c.d.api.daoimpl.SystemUserDaoImpl - Loaded User =amol
2024-08-13 17:07:23 INFO  c.d.api.daoimpl.SystemUserDaoImpl - Loaded User =admin
2024-08-13 17:07:23 INFO  c.d.api.controller.AuthController - Trying to login = admin
2024-08-13 17:07:23 INFO  c.d.api.daoimpl.SystemUserDaoImpl - Loaded User =admin
2024-08-13 17:07:23 INFO  c.d.api.controller.AuthController - Logged In = admin
2024-08-13 17:07:26 INFO  c.d.api.daoimpl.SystemUserDaoImpl - Loaded User =admin
2024-08-13 17:07:28 INFO  c.d.api.daoimpl.SystemUserDaoImpl - Loaded User =admin
2024-08-13 17:07:40 INFO  c.d.api.daoimpl.SystemUserDaoImpl - Loaded User =admin
2024-08-13 17:08:36 INFO  c.d.api.daoimpl.SystemUserDaoImpl - Loaded User =admin
2024-08-13 17:08:40 INFO  c.d.api.daoimpl.SystemUserDaoImpl - Loaded User =admin
2024-08-13 17:08:57 INFO  c.d.api.daoimpl.SystemUserDaoImpl - Loaded User =admin
2024-08-13 17:09:12 INFO  c.d.api.daoimpl.SystemUserDaoImpl - Loaded User =admin
2024-08-13 17:09:26 INFO  c.d.api.daoimpl.SystemUserDaoImpl - Loaded User =admin
2024-08-13 17:09:33 INFO  c.d.api.daoimpl.SystemUserDaoImpl - Loaded User =admin
2024-08-13 19:18:59 INFO  c.d.api.daoimpl.SystemUserDaoImpl - Loaded User =admin
2024-08-13 19:18:59 INFO  c.d.api.controller.AuthController - Trying to login = admin
2024-08-13 19:18:59 INFO  c.d.api.daoimpl.SystemUserDaoImpl - Loaded User =admin
2024-08-13 19:18:59 INFO  c.d.api.controller.AuthController - Logged In = admin
2024-08-13 19:19:13 INFO  c.d.api.daoimpl.SystemUserDaoImpl - Loaded User =admin
2024-08-13 19:19:18 INFO  c.d.api.daoimpl.SystemUserDaoImpl - Loaded User =admin
2024-08-13 19:20:02 INFO  c.d.api.daoimpl.SystemUserDaoImpl - Loaded User =kiran
2024-08-13 19:20:32 INFO  c.d.api.daoimpl.SystemUserDaoImpl - Loaded User =admin
2024-08-13 19:20:39 INFO  c.d.api.daoimpl.SystemUserDaoImpl - Loaded User =admin
2024-08-13 19:20:47 INFO  c.d.api.daoimpl.SystemUserDaoImpl - Loaded User =admin
2024-08-13 19:20:50 INFO  c.d.api.daoimpl.SystemUserDaoImpl - Loaded User =admin
2024-08-13 19:21:05 INFO  c.d.api.daoimpl.SystemUserDaoImpl - Loaded User =admin
2024-08-13 19:21:17 INFO  c.d.api.daoimpl.SystemUserDaoImpl - Loaded User =admin
2024-08-13 19:22:35 INFO  c.d.api.daoimpl.SystemUserDaoImpl - Loaded User =admin
