2024-07-31 11:13:03 INFO  c.d.api.controller.AuthController - Trying to login = admin
2024-07-31 11:13:04 INFO  c.d.api.daoimpl.SystemUserDaoImpl - Loaded User =admin
2024-07-31 11:13:04 INFO  c.d.api.controller.AuthController - Logged In = admin
2024-07-31 11:37:44 INFO  c.d.api.controller.AuthController - Trying to login = admin
2024-07-31 11:37:44 INFO  c.d.api.daoimpl.SystemUserDaoImpl - Loaded User =admin
2024-07-31 11:37:45 INFO  c.d.api.controller.AuthController - Logged In = admin
2024-07-31 12:48:09 INFO  c.d.api.controller.AuthController - Trying to login = admin
2024-07-31 12:48:09 INFO  c.d.api.daoimpl.SystemUserDaoImpl - Loaded User =admin
2024-07-31 12:48:09 INFO  c.d.api.controller.AuthController - Logged In = admin
2024-07-31 12:49:40 INFO  c.d.api.controller.AuthController - Trying to login = admin
2024-07-31 12:49:40 INFO  c.d.api.daoimpl.SystemUserDaoImpl - Loaded User =admin
2024-07-31 12:49:40 INFO  c.d.api.controller.AuthController - Logged In = admin
2024-07-31 12:56:10 INFO  c.d.api.controller.AuthController - Trying to login = admin
2024-07-31 12:56:10 INFO  c.d.api.daoimpl.SystemUserDaoImpl - Loaded User =admin
2024-07-31 12:56:10 INFO  c.d.api.controller.AuthController - Logged In = admin
2024-07-31 12:57:54 INFO  c.d.api.controller.AuthController - Trying to login = temp
2024-07-31 12:57:54 INFO  c.d.api.daoimpl.SystemUserDaoImpl - Loaded User =temp
2024-07-31 12:58:07 INFO  c.d.api.controller.AuthController - Trying to login = admin
2024-07-31 12:58:07 INFO  c.d.api.daoimpl.SystemUserDaoImpl - Loaded User =admin
2024-07-31 12:58:07 INFO  c.d.api.controller.AuthController - Logged In = admin
2024-07-31 13:05:40 INFO  c.d.api.controller.AuthController - Trying to login = admin
2024-07-31 13:05:40 INFO  c.d.api.daoimpl.SystemUserDaoImpl - Loaded User =admin
2024-07-31 13:05:41 INFO  c.d.api.controller.AuthController - Logged In = admin
2024-07-31 13:09:08 INFO  c.d.api.controller.AuthController - Trying to login = admin
2024-07-31 13:09:08 INFO  c.d.api.daoimpl.SystemUserDaoImpl - Loaded User =admin
2024-07-31 13:09:08 INFO  c.d.api.controller.AuthController - Logged In = admin
2024-07-31 13:12:31 INFO  c.d.api.daoimpl.SystemUserDaoImpl - Loaded User =admin
2024-07-31 13:16:17 INFO  c.d.api.daoimpl.SystemUserDaoImpl - Loaded User =admin
2024-07-31 13:16:47 INFO  c.d.api.controller.AuthController - Trying to login = admin
2024-07-31 13:16:47 INFO  c.d.api.daoimpl.SystemUserDaoImpl - Loaded User =admin
2024-07-31 13:16:47 INFO  c.d.api.controller.AuthController - Logged In = admin
2024-07-31 13:18:19 INFO  c.d.api.controller.AuthController - Trying to login = admin
2024-07-31 13:18:19 INFO  c.d.api.daoimpl.SystemUserDaoImpl - Loaded User =admin
2024-07-31 13:18:19 INFO  c.d.api.controller.AuthController - Logged In = admin
2024-07-31 13:25:53 INFO  c.d.api.controller.AuthController - Trying to login = admin
2024-07-31 13:25:53 INFO  c.d.api.daoimpl.SystemUserDaoImpl - Loaded User =admin
2024-07-31 13:25:53 INFO  c.d.api.controller.AuthController - Logged In = admin
2024-07-31 13:26:46 INFO  c.d.api.controller.AuthController - Trying to login = amol
2024-07-31 13:26:46 INFO  c.d.api.daoimpl.SystemUserDaoImpl - Loaded User =amol
2024-07-31 13:26:46 INFO  c.d.api.controller.AuthController - Logged In = amol
2024-07-31 13:27:17 INFO  c.d.api.controller.AuthController - Trying to login = admin
2024-07-31 13:27:17 INFO  c.d.api.daoimpl.SystemUserDaoImpl - Loaded User =admin
2024-07-31 13:27:17 INFO  c.d.api.controller.AuthController - Logged In = admin
2024-07-31 13:31:14 INFO  c.d.api.controller.AuthController - Trying to login = admin
2024-07-31 13:31:14 INFO  c.d.api.daoimpl.SystemUserDaoImpl - Loaded User =admin
2024-07-31 13:31:14 INFO  c.d.api.controller.AuthController - Logged In = admin
2024-07-31 13:33:55 INFO  c.d.api.controller.AuthController - Trying to login = admin
2024-07-31 13:33:55 INFO  c.d.api.daoimpl.SystemUserDaoImpl - Loaded User =admin
2024-07-31 13:33:55 INFO  c.d.api.controller.AuthController - Logged In = admin
2024-07-31 13:35:29 INFO  c.d.api.daoimpl.SystemUserDaoImpl - Loaded User =admin
2024-07-31 14:45:55 INFO  c.d.api.controller.AuthController - Trying to login = admin
2024-07-31 14:45:55 INFO  c.d.api.daoimpl.SystemUserDaoImpl - Loaded User =admin
2024-07-31 14:45:55 INFO  c.d.api.controller.AuthController - Logged In = admin
2024-07-31 15:01:57 INFO  c.d.api.controller.AuthController - Trying to login = admin
2024-07-31 15:01:57 INFO  c.d.api.daoimpl.SystemUserDaoImpl - Loaded User =admin
2024-07-31 15:01:57 INFO  c.d.api.controller.AuthController - Logged In = admin
2024-07-31 15:02:08 INFO  c.d.api.controller.AuthController - Trying to login = admin
2024-07-31 15:02:08 INFO  c.d.api.daoimpl.SystemUserDaoImpl - Loaded User =admin
2024-07-31 15:02:08 INFO  c.d.api.controller.AuthController - Logged In = admin
2024-07-31 15:26:09 INFO  c.d.api.controller.AuthController - Trying to login = admin
2024-07-31 15:26:09 INFO  c.d.api.daoimpl.SystemUserDaoImpl - Loaded User =admin
2024-07-31 15:26:09 INFO  c.d.api.controller.AuthController - Trying to login = admin
2024-07-31 15:26:09 INFO  c.d.api.daoimpl.SystemUserDaoImpl - Loaded User =admin
2024-07-31 15:26:09 INFO  c.d.api.controller.AuthController - Logged In = admin
2024-07-31 15:26:09 INFO  c.d.api.controller.AuthController - Logged In = admin
2024-07-31 15:43:21 INFO  c.d.api.daoimpl.SystemUserDaoImpl - Loaded User =admin
2024-07-31 15:43:21 INFO  c.d.api.controller.AuthController - Trying to login = admin
2024-07-31 15:43:21 INFO  c.d.api.daoimpl.SystemUserDaoImpl - Loaded User =admin
2024-07-31 15:43:21 INFO  c.d.api.controller.AuthController - Logged In = admin
2024-07-31 15:45:04 INFO  c.d.api.controller.AuthController - Trying to login = admin
2024-07-31 15:45:04 INFO  c.d.api.daoimpl.SystemUserDaoImpl - Loaded User =admin
2024-07-31 15:45:04 INFO  c.d.api.controller.AuthController - Logged In = admin
2024-07-31 15:46:10 INFO  c.d.api.controller.AuthController - Trying to login = admin
2024-07-31 15:46:10 INFO  c.d.api.daoimpl.SystemUserDaoImpl - Loaded User =admin
2024-07-31 15:46:11 INFO  c.d.api.controller.AuthController - Logged In = admin
2024-07-31 15:49:22 INFO  c.d.api.daoimpl.SystemUserDaoImpl - Loaded User =admin
2024-07-31 15:49:22 INFO  c.d.api.controller.AuthController - Trying to login = admin
2024-07-31 15:49:22 INFO  c.d.api.daoimpl.SystemUserDaoImpl - Loaded User =admin
2024-07-31 15:49:22 INFO  c.d.api.controller.AuthController - Logged In = admin
2024-07-31 16:04:03 INFO  c.d.api.controller.AuthController - Trying to login = admin
2024-07-31 16:04:03 INFO  c.d.api.daoimpl.SystemUserDaoImpl - Loaded User =admin
2024-07-31 16:04:04 INFO  c.d.api.controller.AuthController - Logged In = admin
2024-07-31 16:05:39 INFO  c.d.api.controller.AuthController - Trying to login = admin
2024-07-31 16:05:39 INFO  c.d.api.daoimpl.SystemUserDaoImpl - Loaded User =admin
2024-07-31 16:05:39 INFO  c.d.api.controller.AuthController - Logged In = admin
2024-07-31 16:17:30 INFO  c.d.api.controller.AuthController - Trying to login = admin
2024-07-31 16:17:30 INFO  c.d.api.daoimpl.SystemUserDaoImpl - Loaded User =admin
2024-07-31 16:17:30 INFO  c.d.api.controller.AuthController - Logged In = admin
2024-07-31 16:20:03 INFO  c.d.api.daoimpl.SystemUserDaoImpl - Loaded User =admin
2024-07-31 16:25:12 INFO  c.d.api.controller.AuthController - Trying to login = admin
2024-07-31 16:25:12 INFO  c.d.api.daoimpl.SystemUserDaoImpl - Loaded User =admin
2024-07-31 16:25:12 INFO  c.d.api.controller.AuthController - Logged In = admin
2024-07-31 16:29:59 INFO  c.d.api.daoimpl.SystemUserDaoImpl - Loaded User =admin
2024-07-31 16:33:14 INFO  c.d.api.controller.AuthController - Trying to login = admin
2024-07-31 16:33:14 INFO  c.d.api.daoimpl.SystemUserDaoImpl - Loaded User =admin
2024-07-31 16:33:14 INFO  c.d.api.controller.AuthController - Logged In = admin
2024-07-31 16:42:56 INFO  c.d.api.controller.AuthController - Trying to login = admin
2024-07-31 16:42:56 INFO  c.d.api.daoimpl.SystemUserDaoImpl - Loaded User =admin
2024-07-31 16:42:56 INFO  c.d.api.controller.AuthController - Logged In = admin
2024-07-31 16:53:09 INFO  c.d.api.controller.AuthController - Trying to login = admin
2024-07-31 16:53:09 INFO  c.d.api.daoimpl.SystemUserDaoImpl - Loaded User =admin
2024-07-31 16:53:14 INFO  c.d.api.controller.AuthController - Trying to login = admin
2024-07-31 16:53:14 INFO  c.d.api.daoimpl.SystemUserDaoImpl - Loaded User =admin
2024-07-31 16:53:14 INFO  c.d.api.controller.AuthController - Logged In = admin
2024-07-31 19:17:39 INFO  c.d.api.daoimpl.SystemUserDaoImpl - Loaded User =admin
2024-07-31 19:17:39 INFO  c.d.api.controller.AuthController - Trying to login = admin
2024-07-31 19:17:40 INFO  c.d.api.daoimpl.SystemUserDaoImpl - Loaded User =admin
2024-07-31 19:17:40 INFO  c.d.api.controller.AuthController - Logged In = admin
2024-07-31 19:23:58 INFO  c.d.api.controller.AuthController - Trying to login = admin
2024-07-31 19:23:58 INFO  c.d.api.daoimpl.SystemUserDaoImpl - Loaded User =admin
2024-07-31 19:23:58 INFO  c.d.api.controller.AuthController - Logged In = admin
2024-07-31 19:27:27 INFO  c.d.api.controller.AuthController - Trying to login = admin
2024-07-31 19:27:27 INFO  c.d.api.daoimpl.SystemUserDaoImpl - Loaded User =admin
2024-07-31 19:27:27 INFO  c.d.api.controller.AuthController - Logged In = admin
2024-07-31 19:41:08 INFO  c.d.api.controller.AuthController - Trying to login = admin
2024-07-31 19:41:08 INFO  c.d.api.daoimpl.SystemUserDaoImpl - Loaded User =admin
2024-07-31 19:41:08 INFO  c.d.api.controller.AuthController - Logged In = admin
2024-07-31 19:45:02 INFO  c.d.api.controller.AuthController - Trying to login = admin
2024-07-31 19:45:02 INFO  c.d.api.daoimpl.SystemUserDaoImpl - Loaded User =admin
2024-07-31 19:45:02 INFO  c.d.api.controller.AuthController - Logged In = admin
2024-07-31 19:45:39 INFO  c.d.api.controller.AuthController - Trying to login = admin
2024-07-31 19:45:39 INFO  c.d.api.daoimpl.SystemUserDaoImpl - Loaded User =admin
2024-07-31 19:45:39 INFO  c.d.api.controller.AuthController - Logged In = admin
2024-07-31 19:48:54 INFO  c.d.api.controller.AuthController - Trying to login = admin
2024-07-31 19:48:54 INFO  c.d.api.daoimpl.SystemUserDaoImpl - Loaded User =admin
2024-07-31 19:48:54 INFO  c.d.api.controller.AuthController - Logged In = admin
2024-07-31 19:49:24 INFO  c.d.api.controller.AuthController - Trying to login = admin
2024-07-31 19:49:24 INFO  c.d.api.daoimpl.SystemUserDaoImpl - Loaded User =admin
2024-07-31 19:49:24 INFO  c.d.api.controller.AuthController - Logged In = admin
2024-07-31 19:59:19 INFO  c.d.api.controller.AuthController - Trying to login = admin
2024-07-31 19:59:19 INFO  c.d.api.daoimpl.SystemUserDaoImpl - Loaded User =admin
2024-07-31 19:59:19 INFO  c.d.api.controller.AuthController - Logged In = admin
2024-07-31 20:06:32 INFO  c.d.api.controller.AuthController - Trying to login = admin
2024-07-31 20:06:32 INFO  c.d.api.daoimpl.SystemUserDaoImpl - Loaded User =admin
2024-07-31 20:06:32 INFO  c.d.api.controller.AuthController - Logged In = admin
2024-07-31 20:24:48 INFO  c.d.api.controller.AuthController - Trying to login = admin
2024-07-31 20:24:48 INFO  c.d.api.daoimpl.SystemUserDaoImpl - Loaded User =admin
2024-07-31 20:24:48 INFO  c.d.api.controller.AuthController - Logged In = admin
2024-07-31 20:35:01 INFO  c.d.api.controller.AuthController - Trying to login = admin
2024-07-31 20:35:01 INFO  c.d.api.daoimpl.SystemUserDaoImpl - Loaded User =admin
2024-07-31 20:35:01 INFO  c.d.api.controller.AuthController - Logged In = admin
