2024-09-14 12:08:24 INFO  c.d.api.controller.AuthController - Trying to login = admin
2024-09-14 12:08:24 INFO  c.d.api.daoimpl.SystemUserDaoImpl - Loaded User =admin
2024-09-14 12:08:24 INFO  c.d.api.controller.AuthController - Logged In = admin
2024-09-14 12:09:42 INFO  c.d.api.controller.AuthController - Trying to login = admin
2024-09-14 12:09:42 INFO  c.d.api.daoimpl.SystemUserDaoImpl - Loaded User =admin
2024-09-14 12:09:42 INFO  c.d.api.controller.AuthController - Logged In = admin
2024-09-14 12:12:05 INFO  c.d.api.controller.AuthController - Trying to login = ram
2024-09-14 12:12:05 INFO  c.d.api.daoimpl.SystemUserDaoImpl - Loaded User =ram
2024-09-14 12:12:11 INFO  c.d.api.controller.AuthController - Trying to login = admin
2024-09-14 12:12:11 INFO  c.d.api.daoimpl.SystemUserDaoImpl - Loaded User =admin
2024-09-14 12:12:21 INFO  c.d.api.controller.AuthController - Trying to login = admin
2024-09-14 12:12:21 INFO  c.d.api.daoimpl.SystemUserDaoImpl - Loaded User =admin
2024-09-14 12:12:21 INFO  c.d.api.controller.AuthController - Logged In = admin
2024-09-14 12:16:16 INFO  c.d.api.controller.AuthController - Trying to login = admin
2024-09-14 12:16:16 INFO  c.d.api.daoimpl.SystemUserDaoImpl - Loaded User =admin
2024-09-14 12:16:16 INFO  c.d.api.controller.AuthController - Logged In = admin
2024-09-14 12:24:49 INFO  c.d.api.daoimpl.SystemUserDaoImpl - Loaded User =admin
2024-09-14 12:24:51 INFO  c.d.api.daoimpl.SystemUserDaoImpl - Loaded User =admin
2024-09-14 12:24:56 INFO  c.d.api.daoimpl.SystemUserDaoImpl - Loaded User =admin
2024-09-14 12:28:47 INFO  c.d.api.controller.AuthController - Trying to login = admin
2024-09-14 12:28:47 INFO  c.d.api.daoimpl.SystemUserDaoImpl - Loaded User =admin
2024-09-14 12:28:47 INFO  c.d.api.controller.AuthController - Logged In = admin
2024-09-14 13:00:54 INFO  c.d.api.controller.AuthController - Trying to login = admin
2024-09-14 13:00:54 INFO  c.d.api.daoimpl.SystemUserDaoImpl - Loaded User =admin
2024-09-14 13:00:54 INFO  c.d.api.controller.AuthController - Logged In = admin
2024-09-14 13:26:50 INFO  c.d.api.controller.AuthController - Trying to login = admin
2024-09-14 13:26:50 INFO  c.d.api.daoimpl.SystemUserDaoImpl - Loaded User =admin
2024-09-14 13:26:51 INFO  c.d.api.controller.AuthController - Logged In = admin
2024-09-14 13:27:15 INFO  c.d.api.controller.AuthController - Trying to login = admin
2024-09-14 13:27:15 INFO  c.d.api.daoimpl.SystemUserDaoImpl - Loaded User =admin
2024-09-14 13:27:15 INFO  c.d.api.controller.AuthController - Logged In = admin
2024-09-14 13:28:55 INFO  c.d.api.controller.AuthController - Trying to login = admin
2024-09-14 13:28:55 INFO  c.d.api.daoimpl.SystemUserDaoImpl - Loaded User =admin
2024-09-14 13:28:55 INFO  c.d.api.controller.AuthController - Logged In = admin
2024-09-14 13:28:58 INFO  c.d.api.daoimpl.SystemUserDaoImpl - Loaded User =admin
2024-09-14 13:29:08 INFO  c.d.api.daoimpl.SystemUserDaoImpl - Loaded User =admin
2024-09-14 13:29:19 INFO  c.d.api.daoimpl.SystemUserDaoImpl - Loaded User =admin
2024-09-14 13:30:35 INFO  c.d.api.daoimpl.SystemUserDaoImpl - Loaded User =admin
2024-09-14 13:30:35 INFO  c.d.api.daoimpl.SystemUserDaoImpl - Loaded User =admin
2024-09-14 13:30:35 INFO  c.d.api.daoimpl.SystemUserDaoImpl - Loaded User =admin
2024-09-14 13:30:36 INFO  c.d.api.daoimpl.SystemUserDaoImpl - Loaded User =admin
2024-09-14 13:31:04 INFO  c.d.api.daoimpl.SystemUserDaoImpl - Loaded User =admin
2024-09-14 13:31:10 INFO  c.d.api.daoimpl.SystemUserDaoImpl - Loaded User =admin
2024-09-14 13:31:13 INFO  c.d.api.daoimpl.SystemUserDaoImpl - Loaded User =admin
2024-09-14 13:31:47 INFO  c.d.api.daoimpl.SystemUserDaoImpl - Loaded User =admin
2024-09-14 13:31:53 INFO  c.d.api.daoimpl.SystemUserDaoImpl - Loaded User =admin
2024-09-14 13:32:00 INFO  c.d.api.daoimpl.SystemUserDaoImpl - Loaded User =admin
2024-09-14 13:32:48 INFO  c.d.api.daoimpl.SystemUserDaoImpl - Loaded User =admin
2024-09-14 13:41:53 INFO  c.d.api.controller.AuthController - Trying to login = admin
2024-09-14 13:41:53 INFO  c.d.api.daoimpl.SystemUserDaoImpl - Loaded User =admin
2024-09-14 13:41:53 INFO  c.d.api.controller.AuthController - Logged In = admin
2024-09-14 13:41:55 INFO  c.d.api.daoimpl.SystemUserDaoImpl - Loaded User =admin
2024-09-14 13:42:10 INFO  c.d.api.daoimpl.SystemUserDaoImpl - Loaded User =admin
2024-09-14 13:42:41 INFO  c.d.api.daoimpl.SystemUserDaoImpl - Loaded User =admin
2024-09-14 13:42:52 INFO  c.d.api.daoimpl.SystemUserDaoImpl - Loaded User =admin
2024-09-14 13:43:02 INFO  c.d.api.daoimpl.SystemUserDaoImpl - Loaded User =admin
2024-09-14 13:45:34 INFO  c.d.api.daoimpl.SystemUserDaoImpl - Loaded User =amol
2024-09-14 13:45:57 INFO  c.d.api.daoimpl.SystemUserDaoImpl - Loaded User =admin
2024-09-14 13:50:19 INFO  c.d.api.controller.AuthController - Trying to login = admin
2024-09-14 13:50:19 INFO  c.d.api.daoimpl.SystemUserDaoImpl - Loaded User =admin
2024-09-14 13:50:19 INFO  c.d.api.controller.AuthController - Logged In = admin
2024-09-14 13:50:36 INFO  c.d.api.daoimpl.SystemUserDaoImpl - Loaded User =admin
2024-09-14 13:50:54 INFO  c.d.api.daoimpl.SystemUserDaoImpl - Loaded User =admin
2024-09-14 13:50:54 INFO  c.d.api.daoimpl.SystemUserDaoImpl - Loaded User =admin
2024-09-14 13:50:54 INFO  c.d.api.daoimpl.SystemUserDaoImpl - Loaded User =admin
2024-09-14 13:51:10 INFO  c.d.api.daoimpl.SystemUserDaoImpl - Loaded User =admin
2024-09-14 13:51:15 INFO  c.d.api.daoimpl.SystemUserDaoImpl - Loaded User =admin
