2024-08-09 11:42:17 INFO  c.d.api.controller.AuthController - Trying to login = admin
2024-08-09 11:42:17 INFO  c.d.api.daoimpl.SystemUserDaoImpl - Loaded User =admin
2024-08-09 11:42:17 INFO  c.d.api.controller.AuthController - Logged In = admin
2024-08-09 12:14:18 INFO  c.d.api.daoimpl.SystemUserDaoImpl - Loaded User =admin
2024-08-09 12:14:57 INFO  c.d.api.daoimpl.SystemUserDaoImpl - Loaded User =admin
2024-08-09 12:14:57 INFO  c.d.api.controller.AuthController - Trying to login = admin
2024-08-09 12:14:57 INFO  c.d.api.daoimpl.SystemUserDaoImpl - Loaded User =admin
2024-08-09 12:14:57 INFO  c.d.api.controller.AuthController - Logged In = admin
2024-08-09 12:15:01 INFO  c.d.api.daoimpl.SystemUserDaoImpl - Loaded User =admin
2024-08-09 12:15:45 INFO  c.d.api.daoimpl.SystemUserDaoImpl - Loaded User =admin
2024-08-09 12:15:47 INFO  c.d.api.daoimpl.SystemUserDaoImpl - Loaded User =admin
2024-08-09 12:16:41 INFO  c.d.api.daoimpl.SystemUserDaoImpl - Loaded User =admin
2024-08-09 12:17:46 INFO  c.d.api.daoimpl.SystemUserDaoImpl - Loaded User =admin
2024-08-09 12:20:10 INFO  c.d.api.daoimpl.SystemUserDaoImpl - Loaded User =admin
2024-08-09 12:20:34 INFO  c.d.api.daoimpl.SystemUserDaoImpl - Loaded User =admin
2024-08-09 12:20:52 INFO  c.d.api.daoimpl.SystemUserDaoImpl - Loaded User =admin
2024-08-09 12:20:59 INFO  c.d.api.daoimpl.SystemUserDaoImpl - Loaded User =admin
2024-08-09 12:21:20 INFO  c.d.api.daoimpl.SystemUserDaoImpl - Loaded User =admin
2024-08-09 12:21:47 INFO  c.d.api.daoimpl.SystemUserDaoImpl - Loaded User =admin
2024-08-09 12:23:25 INFO  c.d.api.daoimpl.SystemUserDaoImpl - Loaded User =admin
2024-08-09 12:24:11 INFO  c.d.api.daoimpl.SystemUserDaoImpl - Loaded User =admin
2024-08-09 12:24:26 INFO  c.d.api.daoimpl.SystemUserDaoImpl - Loaded User =admin
2024-08-09 12:24:33 INFO  c.d.api.daoimpl.SystemUserDaoImpl - Loaded User =admin
2024-08-09 12:25:15 INFO  c.d.api.daoimpl.SystemUserDaoImpl - Loaded User =admin
2024-08-09 12:25:35 INFO  c.d.api.daoimpl.SystemUserDaoImpl - Loaded User =admin
2024-08-09 12:26:06 INFO  c.d.api.daoimpl.SystemUserDaoImpl - Loaded User =admin
2024-08-09 12:26:41 INFO  c.d.api.daoimpl.SystemUserDaoImpl - Loaded User =admin
2024-08-09 12:31:06 INFO  c.d.api.daoimpl.SystemUserDaoImpl - Loaded User =admin
2024-08-09 12:31:15 INFO  c.d.api.daoimpl.SystemUserDaoImpl - Loaded User =admin
2024-08-09 12:31:18 INFO  c.d.api.daoimpl.SystemUserDaoImpl - Loaded User =admin
2024-08-09 13:10:50 INFO  c.d.api.daoimpl.SystemUserDaoImpl - Loaded User =admin
2024-08-09 13:10:59 INFO  c.d.api.daoimpl.SystemUserDaoImpl - Loaded User =admin
2024-08-09 13:11:32 INFO  c.d.api.daoimpl.SystemUserDaoImpl - Loaded User =admin
2024-08-09 13:11:41 INFO  c.d.api.daoimpl.SystemUserDaoImpl - Loaded User =admin
2024-08-09 13:11:56 INFO  c.d.api.daoimpl.SystemUserDaoImpl - Loaded User =admin
2024-08-09 13:12:03 INFO  c.d.api.daoimpl.SystemUserDaoImpl - Loaded User =admin
2024-08-09 13:14:23 INFO  c.d.api.daoimpl.SystemUserDaoImpl - Loaded User =admin
2024-08-09 13:14:31 INFO  c.d.api.daoimpl.SystemUserDaoImpl - Loaded User =admin
2024-08-09 13:15:01 INFO  c.d.api.daoimpl.SystemUserDaoImpl - Loaded User =admin
2024-08-09 13:15:13 INFO  c.d.api.daoimpl.SystemUserDaoImpl - Loaded User =admin
2024-08-09 13:15:22 INFO  c.d.api.daoimpl.SystemUserDaoImpl - Loaded User =admin
2024-08-09 13:15:43 INFO  c.d.api.daoimpl.SystemUserDaoImpl - Loaded User =admin
2024-08-09 13:15:54 INFO  c.d.api.daoimpl.SystemUserDaoImpl - Loaded User =admin
2024-08-09 13:16:03 INFO  c.d.api.daoimpl.SystemUserDaoImpl - Loaded User =admin
2024-08-09 13:16:25 INFO  c.d.api.daoimpl.SystemUserDaoImpl - Loaded User =admin
2024-08-09 13:16:43 INFO  c.d.api.daoimpl.SystemUserDaoImpl - Loaded User =admin
2024-08-09 13:17:02 INFO  c.d.api.daoimpl.SystemUserDaoImpl - Loaded User =admin
2024-08-09 13:17:18 INFO  c.d.api.daoimpl.SystemUserDaoImpl - Loaded User =admin
2024-08-09 13:19:49 INFO  c.d.api.daoimpl.SystemUserDaoImpl - Loaded User =admin
2024-08-09 13:20:02 INFO  c.d.api.daoimpl.SystemUserDaoImpl - Loaded User =admin
2024-08-09 13:21:07 INFO  c.d.api.daoimpl.SystemUserDaoImpl - Loaded User =admin
2024-08-09 13:21:13 INFO  c.d.api.daoimpl.SystemUserDaoImpl - Loaded User =admin
2024-08-09 13:24:28 INFO  c.d.api.daoimpl.SystemUserDaoImpl - Loaded User =admin
2024-08-09 13:25:52 INFO  c.d.api.daoimpl.SystemUserDaoImpl - Loaded User =admin
2024-08-09 13:30:18 INFO  c.d.api.daoimpl.SystemUserDaoImpl - Loaded User =admin
2024-08-09 13:30:33 INFO  c.d.api.daoimpl.SystemUserDaoImpl - Loaded User =admin
2024-08-09 13:30:44 INFO  c.d.api.daoimpl.SystemUserDaoImpl - Loaded User =admin
2024-08-09 13:31:00 INFO  c.d.api.daoimpl.SystemUserDaoImpl - Loaded User =admin
2024-08-09 13:32:55 INFO  c.d.api.daoimpl.SystemUserDaoImpl - Loaded User =admin
2024-08-09 13:32:59 INFO  c.d.api.daoimpl.SystemUserDaoImpl - Loaded User =admin
2024-08-09 13:38:35 INFO  c.d.api.daoimpl.SystemUserDaoImpl - Loaded User =admin
2024-08-09 13:38:45 INFO  c.d.api.daoimpl.SystemUserDaoImpl - Loaded User =admin
2024-08-09 13:41:12 INFO  c.d.api.daoimpl.SystemUserDaoImpl - Loaded User =admin
2024-08-09 13:41:18 INFO  c.d.api.daoimpl.SystemUserDaoImpl - Loaded User =admin
2024-08-09 13:42:01 INFO  c.d.api.daoimpl.SystemUserDaoImpl - Loaded User =admin
2024-08-09 13:42:28 INFO  c.d.api.daoimpl.SystemUserDaoImpl - Loaded User =admin
2024-08-09 13:43:46 INFO  c.d.api.daoimpl.SystemUserDaoImpl - Loaded User =admin
2024-08-09 13:43:49 INFO  c.d.api.daoimpl.SystemUserDaoImpl - Loaded User =admin
2024-08-09 13:44:16 INFO  c.d.api.daoimpl.SystemUserDaoImpl - Loaded User =admin
2024-08-09 13:46:30 INFO  c.d.api.daoimpl.SystemUserDaoImpl - Loaded User =admin
2024-08-09 13:47:56 INFO  c.d.api.daoimpl.SystemUserDaoImpl - Loaded User =admin
2024-08-09 13:48:01 INFO  c.d.api.daoimpl.SystemUserDaoImpl - Loaded User =admin
2024-08-09 13:48:18 INFO  c.d.api.daoimpl.SystemUserDaoImpl - Loaded User =admin
2024-08-09 13:48:25 INFO  c.d.api.daoimpl.SystemUserDaoImpl - Loaded User =admin
2024-08-09 13:49:12 INFO  c.d.api.daoimpl.SystemUserDaoImpl - Loaded User =admin
2024-08-09 13:49:27 INFO  c.d.api.daoimpl.SystemUserDaoImpl - Loaded User =admin
2024-08-09 13:49:48 INFO  c.d.api.daoimpl.SystemUserDaoImpl - Loaded User =admin
2024-08-09 13:49:57 INFO  c.d.api.daoimpl.SystemUserDaoImpl - Loaded User =admin
2024-08-09 13:50:54 INFO  c.d.api.daoimpl.SystemUserDaoImpl - Loaded User =admin
2024-08-09 13:51:22 INFO  c.d.api.daoimpl.SystemUserDaoImpl - Loaded User =admin
2024-08-09 13:52:05 INFO  c.d.api.daoimpl.SystemUserDaoImpl - Loaded User =admin
2024-08-09 13:53:22 INFO  c.d.api.daoimpl.SystemUserDaoImpl - Loaded User =admin
2024-08-09 13:53:49 INFO  c.d.api.daoimpl.SystemUserDaoImpl - Loaded User =admin
2024-08-09 13:54:04 INFO  c.d.api.daoimpl.SystemUserDaoImpl - Loaded User =admin
2024-08-09 13:54:09 INFO  c.d.api.daoimpl.SystemUserDaoImpl - Loaded User =admin
2024-08-09 14:30:34 INFO  c.d.api.controller.AuthController - Trying to login = amol
2024-08-09 14:30:35 INFO  c.d.api.daoimpl.SystemUserDaoImpl - Loaded User =amol
2024-08-09 14:30:35 INFO  c.d.api.controller.AuthController - Logged In = amol
2024-08-09 14:36:34 INFO  c.d.api.controller.AuthController - Trying to login = amol
2024-08-09 14:36:34 INFO  c.d.api.daoimpl.SystemUserDaoImpl - Loaded User =amol
2024-08-09 14:36:53 INFO  c.d.api.controller.AuthController - Trying to login = amol123
2024-08-09 14:36:53 INFO  c.d.api.daoimpl.SystemUserDaoImpl - Loaded User =amol123
2024-08-09 14:37:56 INFO  c.d.api.controller.AuthController - Trying to login = amol
2024-08-09 14:37:56 INFO  c.d.api.daoimpl.SystemUserDaoImpl - Loaded User =amol
2024-08-09 14:37:56 INFO  c.d.api.controller.AuthController - Logged In = amol
2024-08-09 14:40:27 INFO  c.d.api.daoimpl.SystemUserDaoImpl - Loaded User =admin
2024-08-09 14:41:34 INFO  c.d.api.daoimpl.SystemUserDaoImpl - Loaded User =admin
2024-08-09 14:45:28 INFO  c.d.api.daoimpl.SystemUserDaoImpl - Loaded User =admin
2024-08-09 14:45:28 INFO  c.d.api.controller.AuthController - Trying to login = admin
2024-08-09 14:45:28 INFO  c.d.api.daoimpl.SystemUserDaoImpl - Loaded User =admin
2024-08-09 14:45:28 INFO  c.d.api.controller.AuthController - Logged In = admin
2024-08-09 14:45:35 INFO  c.d.api.daoimpl.SystemUserDaoImpl - Loaded User =admin
2024-08-09 14:45:53 INFO  c.d.api.daoimpl.SystemUserDaoImpl - Loaded User =admin
2024-08-09 14:45:54 INFO  c.d.api.daoimpl.SystemUserDaoImpl - Loaded User =admin
2024-08-09 14:45:55 INFO  c.d.api.daoimpl.SystemUserDaoImpl - Loaded User =admin
2024-08-09 14:47:35 INFO  c.d.api.controller.AuthController - Trying to login = admin
2024-08-09 14:47:35 INFO  c.d.api.daoimpl.SystemUserDaoImpl - Loaded User =admin
2024-08-09 14:47:35 INFO  c.d.api.controller.AuthController - Logged In = admin
2024-08-09 14:48:44 INFO  c.d.api.daoimpl.SystemUserDaoImpl - Loaded User =amol
2024-08-09 15:50:01 INFO  c.d.api.daoimpl.SystemUserDaoImpl - Loaded User =admin
2024-08-09 15:50:24 INFO  c.d.api.daoimpl.SystemUserDaoImpl - Loaded User =admin
2024-08-09 15:50:42 INFO  c.d.api.daoimpl.SystemUserDaoImpl - Loaded User =admin
2024-08-09 15:50:57 INFO  c.d.api.daoimpl.SystemUserDaoImpl - Loaded User =admin
2024-08-09 15:51:35 INFO  c.d.api.daoimpl.SystemUserDaoImpl - Loaded User =admin
2024-08-09 15:51:35 INFO  c.d.api.daoimpl.SystemUserDaoImpl - Loaded User =admin
2024-08-09 15:51:54 INFO  c.d.api.daoimpl.SystemUserDaoImpl - Loaded User =admin
2024-08-09 15:52:03 INFO  c.d.api.daoimpl.SystemUserDaoImpl - Loaded User =admin
2024-08-09 15:52:22 INFO  c.d.api.daoimpl.SystemUserDaoImpl - Loaded User =admin
2024-08-09 15:52:39 INFO  c.d.api.daoimpl.SystemUserDaoImpl - Loaded User =admin
2024-08-09 16:24:42 INFO  c.d.api.controller.AuthController - Trying to login = admin
2024-08-09 16:24:43 INFO  c.d.api.daoimpl.SystemUserDaoImpl - Loaded User =admin
2024-08-09 16:24:43 INFO  c.d.api.controller.AuthController - Logged In = admin
2024-08-09 16:24:46 INFO  c.d.api.daoimpl.SystemUserDaoImpl - Loaded User =admin
2024-08-09 16:24:49 INFO  c.d.api.daoimpl.SystemUserDaoImpl - Loaded User =admin
2024-08-09 16:26:23 INFO  c.d.api.daoimpl.SystemUserDaoImpl - Loaded User =admin
2024-08-09 16:26:59 INFO  c.d.api.daoimpl.SystemUserDaoImpl - Loaded User =admin
2024-08-09 16:27:24 INFO  c.d.api.daoimpl.SystemUserDaoImpl - Loaded User =admin
2024-08-09 16:27:36 INFO  c.d.api.daoimpl.SystemUserDaoImpl - Loaded User =admin
2024-08-09 16:28:48 INFO  c.d.api.daoimpl.SystemUserDaoImpl - Loaded User =admin
2024-08-09 16:29:14 INFO  c.d.api.daoimpl.SystemUserDaoImpl - Loaded User =admin
2024-08-09 16:30:59 INFO  c.d.api.daoimpl.SystemUserDaoImpl - Loaded User =admin
2024-08-09 16:31:15 INFO  c.d.api.daoimpl.SystemUserDaoImpl - Loaded User =admin
2024-08-09 16:31:33 INFO  c.d.api.daoimpl.SystemUserDaoImpl - Loaded User =admin
2024-08-09 16:32:55 INFO  c.d.api.daoimpl.SystemUserDaoImpl - Loaded User =admin
2024-08-09 16:36:28 INFO  c.d.api.daoimpl.SystemUserDaoImpl - Loaded User =admin
2024-08-09 16:36:59 INFO  c.d.api.daoimpl.SystemUserDaoImpl - Loaded User =admin
2024-08-09 16:37:23 INFO  c.d.api.daoimpl.SystemUserDaoImpl - Loaded User =admin
2024-08-09 16:38:19 INFO  c.d.api.daoimpl.SystemUserDaoImpl - Loaded User =admin
2024-08-09 16:38:42 INFO  c.d.api.daoimpl.SystemUserDaoImpl - Loaded User =admin
2024-08-09 16:38:55 INFO  c.d.api.daoimpl.SystemUserDaoImpl - Loaded User =admin
2024-08-09 16:39:00 INFO  c.d.api.daoimpl.SystemUserDaoImpl - Loaded User =admin
