2024-07-27 12:35:57 INFO  c.d.api.controller.AuthController - Trying to login = amol
2024-07-27 12:35:58 INFO  c.d.api.daoimpl.SystemUserDaoImpl - Loaded User =amol
2024-07-27 12:35:58 INFO  c.d.api.controller.AuthController - Logged In = amol
2024-07-27 12:49:30 INFO  c.d.api.controller.AuthController - Trying to login = amol
2024-07-27 12:49:30 INFO  c.d.api.daoimpl.SystemUserDaoImpl - Loaded User =amol
2024-07-27 12:49:30 INFO  c.d.api.controller.AuthController - Logged In = amol
2024-07-27 13:02:56 INFO  c.d.api.controller.AuthController - Trying to login = amol
2024-07-27 13:02:56 INFO  c.d.api.daoimpl.SystemUserDaoImpl - Loaded User =amol
2024-07-27 13:02:57 INFO  c.d.api.controller.AuthController - Logged In = amol
2024-07-27 13:03:14 INFO  c.d.api.controller.AuthController - Trying to login = amol
2024-07-27 13:03:14 INFO  c.d.api.daoimpl.SystemUserDaoImpl - Loaded User =amol
2024-07-27 13:03:14 INFO  c.d.api.controller.AuthController - Logged In = amol
2024-07-27 13:06:51 INFO  c.d.api.controller.AuthController - Trying to login = admin
2024-07-27 13:06:51 INFO  c.d.api.daoimpl.SystemUserDaoImpl - Loaded User =admin
2024-07-27 13:06:51 INFO  c.d.api.controller.AuthController - Logged In = admin
2024-07-27 23:28:29 INFO  c.d.api.controller.AuthController - Trying to login = admin
2024-07-27 23:28:30 INFO  c.d.api.daoimpl.SystemUserDaoImpl - Loaded User =admin
2024-07-27 23:28:30 INFO  c.d.api.controller.AuthController - Logged In = admin
2024-07-27 23:28:39 INFO  c.d.api.controller.AuthController - Trying to login = amol
2024-07-27 23:28:39 INFO  c.d.api.daoimpl.SystemUserDaoImpl - Loaded User =amol
2024-07-27 23:28:39 INFO  c.d.api.controller.AuthController - Logged In = amol
2024-07-27 23:37:51 INFO  c.d.api.controller.AuthController - Trying to login = amol
2024-07-27 23:37:51 INFO  c.d.api.daoimpl.SystemUserDaoImpl - Loaded User =amol
2024-07-27 23:37:54 INFO  c.d.api.controller.AuthController - Trying to login = amol
2024-07-27 23:37:54 INFO  c.d.api.daoimpl.SystemUserDaoImpl - Loaded User =amol
2024-07-27 23:37:54 INFO  c.d.api.controller.AuthController - Logged In = amol
2024-07-27 23:39:16 INFO  c.d.api.controller.AuthController - Trying to login = admin
2024-07-27 23:39:16 INFO  c.d.api.daoimpl.SystemUserDaoImpl - Loaded User =admin
2024-07-27 23:39:17 INFO  c.d.api.controller.AuthController - Logged In = admin
2024-07-27 23:41:12 INFO  c.d.api.controller.AuthController - Trying to login = admin
2024-07-27 23:41:12 INFO  c.d.api.daoimpl.SystemUserDaoImpl - Loaded User =admin
2024-07-27 23:41:12 INFO  c.d.api.controller.AuthController - Logged In = admin
2024-07-27 23:41:37 INFO  c.d.api.controller.AuthController - Trying to login = admin
2024-07-27 23:41:37 INFO  c.d.api.daoimpl.SystemUserDaoImpl - Loaded User =admin
2024-07-27 23:41:37 INFO  c.d.api.controller.AuthController - Logged In = admin
2024-07-27 23:43:43 INFO  c.d.api.controller.AuthController - Trying to login = admin
2024-07-27 23:43:43 INFO  c.d.api.daoimpl.SystemUserDaoImpl - Loaded User =admin
2024-07-27 23:43:43 INFO  c.d.api.controller.AuthController - Logged In = admin
