2024-08-08 11:38:12 INFO  c.d.api.controller.AuthController - Trying to login = s
2024-08-08 11:38:13 INFO  c.d.api.daoimpl.SystemUserDaoImpl - Loaded User =s
2024-08-08 11:38:23 INFO  c.d.api.controller.AuthController - Trying to login = admin
2024-08-08 11:38:23 INFO  c.d.api.daoimpl.SystemUserDaoImpl - Loaded User =admin
2024-08-08 11:38:23 INFO  c.d.api.controller.AuthController - Logged In = admin
2024-08-08 11:38:31 INFO  c.d.api.daoimpl.SystemUserDaoImpl - Loaded User =admin
2024-08-08 11:38:46 INFO  c.d.api.daoimpl.SystemUserDaoImpl - Loaded User =admin
2024-08-08 11:42:52 INFO  c.d.api.daoimpl.SystemUserDaoImpl - Loaded User =admin
2024-08-08 11:43:36 INFO  c.d.api.daoimpl.SystemUserDaoImpl - Loaded User =admin
2024-08-08 11:46:18 INFO  c.d.api.daoimpl.SystemUserDaoImpl - Loaded User =admin
2024-08-08 12:01:45 INFO  c.d.api.daoimpl.SystemUserDaoImpl - Loaded User =admin
2024-08-08 12:02:18 INFO  c.d.api.daoimpl.SystemUserDaoImpl - Loaded User =admin
2024-08-08 12:03:18 INFO  c.d.api.daoimpl.SystemUserDaoImpl - Loaded User =admin
2024-08-08 12:03:52 INFO  c.d.api.daoimpl.SystemUserDaoImpl - Loaded User =admin
2024-08-08 12:05:01 INFO  c.d.api.daoimpl.SystemUserDaoImpl - Loaded User =admin
2024-08-08 12:05:46 INFO  c.d.api.daoimpl.SystemUserDaoImpl - Loaded User =admin
2024-08-08 12:05:50 INFO  c.d.api.daoimpl.SystemUserDaoImpl - Loaded User =admin
2024-08-08 12:10:18 INFO  c.d.api.daoimpl.SystemUserDaoImpl - Loaded User =admin
2024-08-08 12:11:06 INFO  c.d.api.daoimpl.SystemUserDaoImpl - Loaded User =admin
2024-08-08 12:11:21 INFO  c.d.api.daoimpl.SystemUserDaoImpl - Loaded User =admin
2024-08-08 12:12:05 INFO  c.d.api.daoimpl.SystemUserDaoImpl - Loaded User =admin
2024-08-08 12:12:11 INFO  c.d.api.daoimpl.SystemUserDaoImpl - Loaded User =admin
2024-08-08 12:13:02 INFO  c.d.api.daoimpl.SystemUserDaoImpl - Loaded User =admin
2024-08-08 12:13:12 INFO  c.d.api.daoimpl.SystemUserDaoImpl - Loaded User =admin
2024-08-08 12:13:33 INFO  c.d.api.daoimpl.SystemUserDaoImpl - Loaded User =admin
2024-08-08 12:14:51 INFO  c.d.api.daoimpl.SystemUserDaoImpl - Loaded User =admin
2024-08-08 12:15:04 INFO  c.d.api.daoimpl.SystemUserDaoImpl - Loaded User =admin
2024-08-08 12:15:13 INFO  c.d.api.daoimpl.SystemUserDaoImpl - Loaded User =admin
2024-08-08 12:15:36 INFO  c.d.api.daoimpl.SystemUserDaoImpl - Loaded User =admin
2024-08-08 12:15:52 INFO  c.d.api.daoimpl.SystemUserDaoImpl - Loaded User =admin
2024-08-08 12:16:49 INFO  c.d.api.daoimpl.SystemUserDaoImpl - Loaded User =admin
2024-08-08 12:17:31 INFO  c.d.api.daoimpl.SystemUserDaoImpl - Loaded User =admin
2024-08-08 12:18:16 INFO  c.d.api.daoimpl.SystemUserDaoImpl - Loaded User =admin
2024-08-08 12:21:21 INFO  c.d.api.daoimpl.SystemUserDaoImpl - Loaded User =admin
2024-08-08 12:22:24 INFO  c.d.api.daoimpl.SystemUserDaoImpl - Loaded User =admin
2024-08-08 12:22:40 INFO  c.d.api.daoimpl.SystemUserDaoImpl - Loaded User =admin
2024-08-08 12:23:00 INFO  c.d.api.daoimpl.SystemUserDaoImpl - Loaded User =admin
2024-08-08 12:24:03 INFO  c.d.api.daoimpl.SystemUserDaoImpl - Loaded User =admin
2024-08-08 12:24:05 INFO  c.d.api.daoimpl.SystemUserDaoImpl - Loaded User =admin
2024-08-08 12:24:13 INFO  c.d.api.daoimpl.SystemUserDaoImpl - Loaded User =admin
2024-08-08 12:24:16 INFO  c.d.api.daoimpl.SystemUserDaoImpl - Loaded User =admin
2024-08-08 12:24:44 INFO  c.d.api.daoimpl.SystemUserDaoImpl - Loaded User =admin
2024-08-08 12:24:51 INFO  c.d.api.daoimpl.SystemUserDaoImpl - Loaded User =admin
2024-08-08 12:25:05 INFO  c.d.api.daoimpl.SystemUserDaoImpl - Loaded User =admin
2024-08-08 12:27:03 INFO  c.d.api.daoimpl.SystemUserDaoImpl - Loaded User =admin
2024-08-08 12:31:17 INFO  c.d.api.daoimpl.SystemUserDaoImpl - Loaded User =admin
2024-08-08 12:31:26 INFO  c.d.api.daoimpl.SystemUserDaoImpl - Loaded User =admin
2024-08-08 12:32:05 INFO  c.d.api.daoimpl.SystemUserDaoImpl - Loaded User =admin
2024-08-08 12:32:19 INFO  c.d.api.daoimpl.SystemUserDaoImpl - Loaded User =admin
2024-08-08 12:32:32 INFO  c.d.api.daoimpl.SystemUserDaoImpl - Loaded User =admin
2024-08-08 12:32:39 INFO  c.d.api.daoimpl.SystemUserDaoImpl - Loaded User =admin
2024-08-08 12:32:55 INFO  c.d.api.daoimpl.SystemUserDaoImpl - Loaded User =admin
2024-08-08 12:33:18 INFO  c.d.api.daoimpl.SystemUserDaoImpl - Loaded User =admin
2024-08-08 12:33:32 INFO  c.d.api.daoimpl.SystemUserDaoImpl - Loaded User =admin
2024-08-08 12:33:35 INFO  c.d.api.daoimpl.SystemUserDaoImpl - Loaded User =admin
2024-08-08 12:33:41 INFO  c.d.api.daoimpl.SystemUserDaoImpl - Loaded User =admin
2024-08-08 12:33:43 INFO  c.d.api.daoimpl.SystemUserDaoImpl - Loaded User =admin
2024-08-08 12:35:05 INFO  c.d.api.daoimpl.SystemUserDaoImpl - Loaded User =admin
2024-08-08 12:38:17 INFO  c.d.api.daoimpl.SystemUserDaoImpl - Loaded User =admin
2024-08-08 12:38:17 INFO  c.d.api.daoimpl.SystemUserDaoImpl - Loaded User =admin
2024-08-08 12:38:23 INFO  c.d.api.daoimpl.SystemUserDaoImpl - Loaded User =admin
2024-08-08 12:38:23 INFO  c.d.api.daoimpl.SystemUserDaoImpl - Loaded User =admin
2024-08-08 12:38:29 INFO  c.d.api.daoimpl.SystemUserDaoImpl - Loaded User =admin
2024-08-08 12:38:31 INFO  c.d.api.daoimpl.SystemUserDaoImpl - Loaded User =admin
2024-08-08 12:38:31 INFO  c.d.api.daoimpl.SystemUserDaoImpl - Loaded User =admin
2024-08-08 12:38:43 INFO  c.d.api.daoimpl.SystemUserDaoImpl - Loaded User =admin
2024-08-08 12:38:43 INFO  c.d.api.daoimpl.SystemUserDaoImpl - Loaded User =admin
2024-08-08 12:38:58 INFO  c.d.api.daoimpl.SystemUserDaoImpl - Loaded User =admin
2024-08-08 12:39:04 INFO  c.d.api.daoimpl.SystemUserDaoImpl - Loaded User =admin
2024-08-08 12:39:04 INFO  c.d.api.daoimpl.SystemUserDaoImpl - Loaded User =admin
2024-08-08 12:39:24 INFO  c.d.api.daoimpl.SystemUserDaoImpl - Loaded User =admin
2024-08-08 12:39:38 INFO  c.d.api.daoimpl.SystemUserDaoImpl - Loaded User =admin
2024-08-08 12:39:38 INFO  c.d.api.daoimpl.SystemUserDaoImpl - Loaded User =admin
2024-08-08 12:49:59 INFO  c.d.api.daoimpl.SystemUserDaoImpl - Loaded User =admin
2024-08-08 12:49:59 INFO  c.d.api.daoimpl.SystemUserDaoImpl - Loaded User =admin
2024-08-08 13:46:33 INFO  c.d.api.daoimpl.SystemUserDaoImpl - Loaded User =admin
2024-08-08 13:46:33 INFO  c.d.api.controller.AuthController - Trying to login = admin
2024-08-08 13:46:33 INFO  c.d.api.daoimpl.SystemUserDaoImpl - Loaded User =admin
2024-08-08 13:46:33 INFO  c.d.api.controller.AuthController - Logged In = admin
2024-08-08 13:46:41 INFO  c.d.api.daoimpl.SystemUserDaoImpl - Loaded User =admin
2024-08-08 13:46:45 INFO  c.d.api.daoimpl.SystemUserDaoImpl - Loaded User =admin
2024-08-08 13:46:54 INFO  c.d.api.daoimpl.SystemUserDaoImpl - Loaded User =admin
2024-08-08 13:51:01 INFO  c.d.api.daoimpl.SystemUserDaoImpl - Loaded User =admin
2024-08-08 13:52:41 INFO  c.d.api.daoimpl.SystemUserDaoImpl - Loaded User =admin
2024-08-08 16:37:41 INFO  c.d.api.daoimpl.SystemUserDaoImpl - Loaded User =admin
2024-08-08 16:39:15 INFO  c.d.api.daoimpl.SystemUserDaoImpl - Loaded User =admin
2024-08-08 17:07:55 INFO  c.d.api.daoimpl.SystemUserDaoImpl - Loaded User =admin
