2024-09-13 00:12:54 INFO  c.d.api.controller.AuthController - Trying to login = admin
2024-09-13 00:12:54 INFO  c.d.api.daoimpl.SystemUserDaoImpl - Loaded User =admin
2024-09-13 00:15:36 INFO  c.d.api.controller.AuthController - Trying to login = admin
2024-09-13 00:15:36 INFO  c.d.api.daoimpl.SystemUserDaoImpl - Loaded User =admin
2024-09-13 00:19:11 INFO  c.d.api.controller.AuthController - Trying to login = e
2024-09-13 00:19:11 INFO  c.d.api.daoimpl.SystemUserDaoImpl - Loaded User =e
2024-09-13 00:19:27 INFO  c.d.api.controller.AuthController - Trying to login = admin
2024-09-13 00:19:27 INFO  c.d.api.daoimpl.SystemUserDaoImpl - Loaded User =admin
2024-09-13 00:21:01 INFO  c.d.api.controller.AuthController - Trying to login = admin
2024-09-13 00:21:01 INFO  c.d.api.daoimpl.SystemUserDaoImpl - Loaded User =admin
2024-09-13 00:23:32 INFO  c.d.api.controller.AuthController - Trying to login = admin
2024-09-13 00:23:33 INFO  c.d.api.daoimpl.SystemUserDaoImpl - Loaded User =admin
2024-09-13 00:24:58 INFO  c.d.api.controller.AuthController - Trying to login = admin
2024-09-13 00:24:58 INFO  c.d.api.daoimpl.SystemUserDaoImpl - Loaded User =admin
2024-09-13 00:25:06 INFO  c.d.api.controller.AuthController - Trying to login = admin
2024-09-13 00:25:06 INFO  c.d.api.daoimpl.SystemUserDaoImpl - Loaded User =admin
2024-09-13 00:30:11 INFO  c.d.api.controller.AuthController - Trying to login = admin
2024-09-13 00:30:11 INFO  c.d.api.daoimpl.SystemUserDaoImpl - Loaded User =admin
2024-09-13 00:30:35 INFO  c.d.api.controller.AuthController - Trying to login = admin
2024-09-13 00:30:35 INFO  c.d.api.daoimpl.SystemUserDaoImpl - Loaded User =admin
2024-09-13 00:32:00 INFO  c.d.api.controller.AuthController - Trying to login = admin
2024-09-13 00:32:00 INFO  c.d.api.daoimpl.SystemUserDaoImpl - Loaded User =admin
2024-09-13 00:32:00 INFO  c.d.api.controller.AuthController - Logged In = admin
2024-09-13 00:34:00 INFO  c.d.api.controller.AuthController - Trying to login = xyz
2024-09-13 00:34:00 INFO  c.d.api.daoimpl.SystemUserDaoImpl - Loaded User =xyz
2024-09-13 00:36:21 INFO  c.d.api.controller.AuthController - Trying to login = sdfg
2024-09-13 00:36:21 INFO  c.d.api.daoimpl.SystemUserDaoImpl - Loaded User =sdfg
2024-09-13 00:36:37 INFO  c.d.api.controller.AuthController - Trying to login = admin
2024-09-13 00:36:37 INFO  c.d.api.daoimpl.SystemUserDaoImpl - Loaded User =admin
2024-09-13 00:37:28 INFO  c.d.api.controller.AuthController - Trying to login = admin
2024-09-13 00:37:28 INFO  c.d.api.daoimpl.SystemUserDaoImpl - Loaded User =admin
2024-09-13 00:39:51 INFO  c.d.api.controller.AuthController - Trying to login = adfghj
2024-09-13 00:39:51 INFO  c.d.api.daoimpl.SystemUserDaoImpl - Loaded User =adfghj
2024-09-13 00:40:02 INFO  c.d.api.controller.AuthController - Trying to login = admin
2024-09-13 00:40:02 INFO  c.d.api.daoimpl.SystemUserDaoImpl - Loaded User =admin
2024-09-13 00:40:11 INFO  c.d.api.controller.AuthController - Trying to login = admin
2024-09-13 00:40:11 INFO  c.d.api.daoimpl.SystemUserDaoImpl - Loaded User =admin
2024-09-13 00:40:11 INFO  c.d.api.controller.AuthController - Logged In = admin
2024-09-13 09:47:45 INFO  c.d.api.controller.AuthController - Trying to login = asdfg
2024-09-13 09:47:45 INFO  c.d.api.daoimpl.SystemUserDaoImpl - Loaded User =asdfg
2024-09-13 09:48:22 INFO  c.d.api.controller.AuthController - Trying to login = admin
2024-09-13 09:48:22 INFO  c.d.api.daoimpl.SystemUserDaoImpl - Loaded User =admin
2024-09-13 09:48:23 INFO  c.d.api.controller.AuthController - Logged In = admin
2024-09-13 09:48:32 INFO  c.d.api.daoimpl.SystemUserDaoImpl - Loaded User =admin
2024-09-13 09:48:37 INFO  c.d.api.daoimpl.SystemUserDaoImpl - Loaded User =admin
2024-09-13 09:49:24 INFO  c.d.api.daoimpl.SystemUserDaoImpl - Loaded User =admin
2024-09-13 09:49:25 INFO  c.d.api.daoimpl.SystemUserDaoImpl - Loaded User =admin
