2024-08-06 01:04:25 INFO  c.d.api.daoimpl.SystemUserDaoImpl - Loaded User =admin
2024-08-06 01:04:25 INFO  c.d.api.controller.AuthController - Trying to login = admin
2024-08-06 01:04:25 INFO  c.d.api.daoimpl.SystemUserDaoImpl - Loaded User =admin
2024-08-06 01:04:26 INFO  c.d.api.controller.AuthController - Logged In = admin
2024-08-06 01:04:28 INFO  c.d.api.daoimpl.SystemUserDaoImpl - Loaded User =admin
2024-08-06 01:05:24 INFO  c.d.api.daoimpl.SystemUserDaoImpl - Loaded User =admin
2024-08-06 01:05:24 INFO  c.d.api.controller.AuthController - Trying to login = admin
2024-08-06 01:05:24 INFO  c.d.api.daoimpl.SystemUserDaoImpl - Loaded User =admin
2024-08-06 01:05:25 INFO  c.d.api.controller.AuthController - Logged In = admin
2024-08-06 01:05:27 INFO  c.d.api.daoimpl.SystemUserDaoImpl - Loaded User =admin
2024-08-06 01:07:33 INFO  c.d.api.daoimpl.SystemUserDaoImpl - Loaded User =admin
2024-08-06 01:07:33 INFO  c.d.api.controller.AuthController - Trying to login = admin
2024-08-06 01:07:33 INFO  c.d.api.daoimpl.SystemUserDaoImpl - Loaded User =admin
2024-08-06 01:07:33 INFO  c.d.api.controller.AuthController - Logged In = admin
2024-08-06 01:07:35 INFO  c.d.api.daoimpl.SystemUserDaoImpl - Loaded User =admin
2024-08-06 01:16:08 INFO  c.d.api.daoimpl.SystemUserDaoImpl - Loaded User =admin
2024-08-06 01:16:08 INFO  c.d.api.controller.AuthController - Trying to login = admin
2024-08-06 01:16:08 INFO  c.d.api.daoimpl.SystemUserDaoImpl - Loaded User =admin
2024-08-06 01:16:08 INFO  c.d.api.controller.AuthController - Trying to login = admin
2024-08-06 01:16:08 INFO  c.d.api.daoimpl.SystemUserDaoImpl - Loaded User =admin
2024-08-06 01:16:09 INFO  c.d.api.daoimpl.SystemUserDaoImpl - Loaded User =admin
2024-08-06 01:16:11 INFO  c.d.api.daoimpl.SystemUserDaoImpl - Loaded User =admin
2024-08-06 01:16:11 INFO  c.d.api.controller.AuthController - Trying to login = admin
2024-08-06 01:16:11 INFO  c.d.api.daoimpl.SystemUserDaoImpl - Loaded User =admin
2024-08-06 01:16:18 INFO  c.d.api.daoimpl.SystemUserDaoImpl - Loaded User =admin
2024-08-06 01:16:18 INFO  c.d.api.controller.AuthController - Trying to login = admin
2024-08-06 01:16:18 INFO  c.d.api.daoimpl.SystemUserDaoImpl - Loaded User =admin
2024-08-06 01:16:19 INFO  c.d.api.controller.AuthController - Logged In = admin
2024-08-06 01:16:34 INFO  c.d.api.daoimpl.SystemUserDaoImpl - Loaded User =admin
2024-08-06 01:16:37 INFO  c.d.api.daoimpl.SystemUserDaoImpl - Loaded User =admin
2024-08-06 01:16:41 INFO  c.d.api.daoimpl.SystemUserDaoImpl - Loaded User =admin
2024-08-06 01:17:39 INFO  c.d.api.daoimpl.SystemUserDaoImpl - Loaded User =admin
2024-08-06 01:17:56 INFO  c.d.api.daoimpl.SystemUserDaoImpl - Loaded User =admin
2024-08-06 01:19:33 INFO  c.d.api.daoimpl.SystemUserDaoImpl - Loaded User =admin
2024-08-06 01:19:44 INFO  c.d.api.daoimpl.SystemUserDaoImpl - Loaded User =admin
2024-08-06 01:19:53 INFO  c.d.api.daoimpl.SystemUserDaoImpl - Loaded User =admin
2024-08-06 01:20:01 INFO  c.d.api.daoimpl.SystemUserDaoImpl - Loaded User =admin
2024-08-06 01:20:07 INFO  c.d.api.daoimpl.SystemUserDaoImpl - Loaded User =admin
2024-08-06 01:24:14 INFO  c.d.api.daoimpl.SystemUserDaoImpl - Loaded User =admin
2024-08-06 01:24:32 INFO  c.d.api.daoimpl.SystemUserDaoImpl - Loaded User =admin
2024-08-06 01:25:04 INFO  c.d.api.daoimpl.SystemUserDaoImpl - Loaded User =admin
2024-08-06 01:25:13 INFO  c.d.api.daoimpl.SystemUserDaoImpl - Loaded User =admin
2024-08-06 01:25:39 INFO  c.d.api.daoimpl.SystemUserDaoImpl - Loaded User =admin
2024-08-06 01:26:50 INFO  c.d.api.daoimpl.SystemUserDaoImpl - Loaded User =admin
2024-08-06 01:27:41 INFO  c.d.api.daoimpl.SystemUserDaoImpl - Loaded User =admin
2024-08-06 01:27:54 INFO  c.d.api.daoimpl.SystemUserDaoImpl - Loaded User =admin
2024-08-06 01:27:58 INFO  c.d.api.daoimpl.SystemUserDaoImpl - Loaded User =admin
2024-08-06 01:28:16 INFO  c.d.api.daoimpl.SystemUserDaoImpl - Loaded User =admin
2024-08-06 01:28:30 INFO  c.d.api.daoimpl.SystemUserDaoImpl - Loaded User =admin
2024-08-06 01:28:43 INFO  c.d.api.daoimpl.SystemUserDaoImpl - Loaded User =admin
2024-08-06 10:23:16 INFO  c.d.api.controller.AuthController - Trying to login = admin
2024-08-06 10:23:17 INFO  c.d.api.daoimpl.SystemUserDaoImpl - Loaded User =admin
2024-08-06 10:23:17 INFO  c.d.api.controller.AuthController - Logged In = admin
2024-08-06 10:25:01 INFO  c.d.api.controller.AuthController - Trying to login = qwert
2024-08-06 10:25:01 INFO  c.d.api.daoimpl.SystemUserDaoImpl - Loaded User =qwert
2024-08-06 10:28:34 INFO  c.d.api.controller.AuthController - Trying to login = daf
2024-08-06 10:28:34 INFO  c.d.api.daoimpl.SystemUserDaoImpl - Loaded User =daf
2024-08-06 10:36:19 INFO  c.d.api.controller.AuthController - Trying to login = admin
2024-08-06 10:36:19 INFO  c.d.api.daoimpl.SystemUserDaoImpl - Loaded User =admin
2024-08-06 10:37:26 INFO  c.d.api.controller.AuthController - Trying to login = wer
2024-08-06 10:37:26 INFO  c.d.api.daoimpl.SystemUserDaoImpl - Loaded User =wer
2024-08-06 10:42:00 INFO  c.d.api.controller.AuthController - Trying to login = admin
2024-08-06 10:42:00 INFO  c.d.api.daoimpl.SystemUserDaoImpl - Loaded User =admin
2024-08-06 10:42:00 INFO  c.d.api.controller.AuthController - Logged In = admin
2024-08-06 10:42:07 INFO  c.d.api.daoimpl.SystemUserDaoImpl - Loaded User =admin
2024-08-06 10:42:11 INFO  c.d.api.daoimpl.SystemUserDaoImpl - Loaded User =admin
2024-08-06 10:42:37 INFO  c.d.api.daoimpl.SystemUserDaoImpl - Loaded User =admin
2024-08-06 15:47:31 INFO  c.d.api.controller.AuthController - Trying to login = admin
2024-08-06 15:47:31 INFO  c.d.api.daoimpl.SystemUserDaoImpl - Loaded User =admin
2024-08-06 15:47:32 INFO  c.d.api.controller.AuthController - Logged In = admin
2024-08-06 15:48:02 INFO  c.d.api.controller.AuthController - Trying to login = admin
2024-08-06 15:48:02 INFO  c.d.api.daoimpl.SystemUserDaoImpl - Loaded User =admin
2024-08-06 15:48:02 INFO  c.d.api.controller.AuthController - Logged In = admin
2024-08-06 15:49:54 INFO  c.d.api.controller.AuthController - Trying to login = admin
2024-08-06 15:49:54 INFO  c.d.api.daoimpl.SystemUserDaoImpl - Loaded User =admin
2024-08-06 15:50:08 INFO  c.d.api.controller.AuthController - Trying to login = admin
2024-08-06 15:50:08 INFO  c.d.api.daoimpl.SystemUserDaoImpl - Loaded User =admin
2024-08-06 15:50:50 INFO  c.d.api.controller.AuthController - Trying to login = admin
2024-08-06 15:50:50 INFO  c.d.api.daoimpl.SystemUserDaoImpl - Loaded User =admin
2024-08-06 15:50:51 INFO  c.d.api.controller.AuthController - Logged In = admin
2024-08-06 15:51:30 INFO  c.d.api.daoimpl.SystemUserDaoImpl - Loaded User =admin
2024-08-06 15:51:39 INFO  c.d.api.daoimpl.SystemUserDaoImpl - Loaded User =admin
2024-08-06 15:51:53 INFO  c.d.api.daoimpl.SystemUserDaoImpl - Loaded User =admin
2024-08-06 15:52:05 INFO  c.d.api.daoimpl.SystemUserDaoImpl - Loaded User =admin
2024-08-06 15:52:45 INFO  c.d.api.daoimpl.SystemUserDaoImpl - Loaded User =admin
2024-08-06 15:54:49 INFO  c.d.api.daoimpl.SystemUserDaoImpl - Loaded User =admin
2024-08-06 15:54:49 INFO  c.d.api.controller.AuthController - Trying to login = erwre
2024-08-06 15:54:49 INFO  c.d.api.daoimpl.SystemUserDaoImpl - Loaded User =erwre
2024-08-06 15:54:50 INFO  c.d.api.daoimpl.SystemUserDaoImpl - Loaded User =admin
2024-08-06 15:54:50 INFO  c.d.api.controller.AuthController - Trying to login = erwre
2024-08-06 15:54:50 INFO  c.d.api.daoimpl.SystemUserDaoImpl - Loaded User =erwre
2024-08-06 15:54:51 INFO  c.d.api.daoimpl.SystemUserDaoImpl - Loaded User =admin
2024-08-06 15:54:51 INFO  c.d.api.controller.AuthController - Trying to login = erwre
2024-08-06 15:54:51 INFO  c.d.api.daoimpl.SystemUserDaoImpl - Loaded User =erwre
2024-08-06 15:55:25 INFO  c.d.api.daoimpl.SystemUserDaoImpl - Loaded User =admin
2024-08-06 15:55:25 INFO  c.d.api.controller.AuthController - Trying to login = admin
2024-08-06 15:55:25 INFO  c.d.api.daoimpl.SystemUserDaoImpl - Loaded User =admin
2024-08-06 15:55:57 INFO  c.d.api.daoimpl.SystemUserDaoImpl - Loaded User =admin
2024-08-06 15:55:57 INFO  c.d.api.controller.AuthController - Trying to login = wdf
2024-08-06 15:55:57 INFO  c.d.api.daoimpl.SystemUserDaoImpl - Loaded User =wdf
2024-08-06 15:56:00 INFO  c.d.api.daoimpl.SystemUserDaoImpl - Loaded User =admin
2024-08-06 15:56:00 INFO  c.d.api.controller.AuthController - Trying to login = wdf
2024-08-06 15:56:00 INFO  c.d.api.daoimpl.SystemUserDaoImpl - Loaded User =wdf
2024-08-06 15:56:20 INFO  c.d.api.daoimpl.SystemUserDaoImpl - Loaded User =admin
2024-08-06 15:56:20 INFO  c.d.api.controller.AuthController - Trying to login = admin
2024-08-06 15:56:20 INFO  c.d.api.daoimpl.SystemUserDaoImpl - Loaded User =admin
2024-08-06 15:56:20 INFO  c.d.api.controller.AuthController - Logged In = admin
2024-08-06 15:57:57 INFO  c.d.api.controller.AuthController - Trying to login = dscd
2024-08-06 15:57:57 INFO  c.d.api.daoimpl.SystemUserDaoImpl - Loaded User =dscd
2024-08-06 16:03:35 INFO  c.d.api.controller.AuthController - Trying to login = admin
2024-08-06 16:03:35 INFO  c.d.api.daoimpl.SystemUserDaoImpl - Loaded User =admin
2024-08-06 16:03:35 INFO  c.d.api.controller.AuthController - Logged In = admin
2024-08-06 16:03:40 INFO  c.d.api.daoimpl.SystemUserDaoImpl - Loaded User =admin
2024-08-06 16:03:44 INFO  c.d.api.daoimpl.SystemUserDaoImpl - Loaded User =admin
2024-08-06 16:08:25 INFO  c.d.api.daoimpl.SystemUserDaoImpl - Loaded User =admin
2024-08-06 16:08:39 INFO  c.d.api.daoimpl.SystemUserDaoImpl - Loaded User =admin
2024-08-06 16:08:50 INFO  c.d.api.daoimpl.SystemUserDaoImpl - Loaded User =admin
2024-08-06 16:08:57 INFO  c.d.api.daoimpl.SystemUserDaoImpl - Loaded User =admin
2024-08-06 16:09:44 INFO  c.d.api.daoimpl.SystemUserDaoImpl - Loaded User =admin
2024-08-06 16:09:56 INFO  c.d.api.daoimpl.SystemUserDaoImpl - Loaded User =admin
2024-08-06 16:12:03 INFO  c.d.api.daoimpl.SystemUserDaoImpl - Loaded User =admin
2024-08-06 16:14:43 INFO  c.d.api.daoimpl.SystemUserDaoImpl - Loaded User =admin
2024-08-06 16:15:03 INFO  c.d.api.daoimpl.SystemUserDaoImpl - Loaded User =admin
2024-08-06 16:15:11 INFO  c.d.api.daoimpl.SystemUserDaoImpl - Loaded User =admin
2024-08-06 16:15:45 INFO  c.d.api.daoimpl.SystemUserDaoImpl - Loaded User =admin
2024-08-06 16:16:04 INFO  c.d.api.daoimpl.SystemUserDaoImpl - Loaded User =admin
2024-08-06 16:17:04 INFO  c.d.api.daoimpl.SystemUserDaoImpl - Loaded User =admin
2024-08-06 16:17:13 INFO  c.d.api.daoimpl.SystemUserDaoImpl - Loaded User =admin
2024-08-06 16:18:31 INFO  c.d.api.daoimpl.SystemUserDaoImpl - Loaded User =admin
2024-08-06 16:18:44 INFO  c.d.api.daoimpl.SystemUserDaoImpl - Loaded User =admin
2024-08-06 16:18:53 INFO  c.d.api.daoimpl.SystemUserDaoImpl - Loaded User =admin
2024-08-06 16:19:18 INFO  c.d.api.daoimpl.SystemUserDaoImpl - Loaded User =admin
2024-08-06 16:19:26 INFO  c.d.api.daoimpl.SystemUserDaoImpl - Loaded User =admin
2024-08-06 16:20:06 INFO  c.d.api.daoimpl.SystemUserDaoImpl - Loaded User =admin
2024-08-06 16:20:44 INFO  c.d.api.daoimpl.SystemUserDaoImpl - Loaded User =admin
2024-08-06 16:21:01 INFO  c.d.api.daoimpl.SystemUserDaoImpl - Loaded User =admin
2024-08-06 16:21:26 INFO  c.d.api.daoimpl.SystemUserDaoImpl - Loaded User =admin
2024-08-06 16:21:27 INFO  c.d.api.daoimpl.SystemUserDaoImpl - Loaded User =admin
2024-08-06 16:21:31 INFO  c.d.api.daoimpl.SystemUserDaoImpl - Loaded User =admin
2024-08-06 16:21:47 INFO  c.d.api.daoimpl.SystemUserDaoImpl - Loaded User =admin
2024-08-06 16:21:56 INFO  c.d.api.daoimpl.SystemUserDaoImpl - Loaded User =admin
2024-08-06 16:22:00 INFO  c.d.api.daoimpl.SystemUserDaoImpl - Loaded User =admin
2024-08-06 16:23:48 INFO  c.d.api.daoimpl.SystemUserDaoImpl - Loaded User =admin
2024-08-06 16:24:20 INFO  c.d.api.daoimpl.SystemUserDaoImpl - Loaded User =admin
2024-08-06 16:25:02 INFO  c.d.api.daoimpl.SystemUserDaoImpl - Loaded User =admin
2024-08-06 16:26:52 INFO  c.d.api.daoimpl.SystemUserDaoImpl - Loaded User =admin
2024-08-06 16:27:22 INFO  c.d.api.daoimpl.SystemUserDaoImpl - Loaded User =admin
2024-08-06 16:27:29 INFO  c.d.api.daoimpl.SystemUserDaoImpl - Loaded User =admin
2024-08-06 16:27:47 INFO  c.d.api.daoimpl.SystemUserDaoImpl - Loaded User =admin
2024-08-06 16:28:31 INFO  c.d.api.daoimpl.SystemUserDaoImpl - Loaded User =admin
2024-08-06 16:28:44 INFO  c.d.api.daoimpl.SystemUserDaoImpl - Loaded User =admin
2024-08-06 16:30:54 INFO  c.d.api.daoimpl.SystemUserDaoImpl - Loaded User =admin
2024-08-06 16:36:00 INFO  c.d.api.daoimpl.SystemUserDaoImpl - Loaded User =admin
2024-08-06 16:37:21 INFO  c.d.api.daoimpl.SystemUserDaoImpl - Loaded User =admin
2024-08-06 16:38:01 INFO  c.d.api.daoimpl.SystemUserDaoImpl - Loaded User =admin
2024-08-06 16:38:25 INFO  c.d.api.daoimpl.SystemUserDaoImpl - Loaded User =admin
